!SESSION 2023-04-29 21:16:40.163 -----------------------------------------------
eclipse.buildId=4.26.0.20221201-1200
java.version=17.0.6
java.vendor=Eclipse Adoptium
BootLoader constants: OS=win32, ARCH=x86_64, WS=win32, NL=en_IN
Framework arguments:  -product org.eclipse.epp.package.java.product
Command-line arguments:  -os win32 -ws win32 -arch x86_64 -product org.eclipse.epp.package.java.product

!ENTRY ch.qos.logback.classic 1 0 2023-04-29 21:16:41.498
!MESSAGE Activated before the state location was initialized. Retry after the state location is initialized.

!ENTRY ch.qos.logback.classic 1 0 2023-04-29 21:16:45.515
!MESSAGE Logback config file: C:\Users\Kdpat\OneDrive\Desktop\Servlet3apr\.metadata\.plugins\org.eclipse.m2e.logback\logback.2.1.0.20221015-0744.xml

!ENTRY org.eclipse.jface 2 0 2023-04-29 21:16:48.985
!MESSAGE Keybinding conflicts occurred.  They may interfere with normal accelerator operation.
!SUBENTRY 1 org.eclipse.jface 2 0 2023-04-29 21:16:48.986
!MESSAGE A conflict occurred for CTRL+SHIFT+F11:
Binding(CTRL+SHIFT+F11,
	ParameterizedCommand(Command(org.eclipse.eclemma.ui.commands.CoverageLast,Coverage,
		Coverage,
		Category(org.eclipse.debug.ui.category.run,Run/Debug,Run/Debug command category,true),
		WorkbenchHandlerServiceHandler("org.eclipse.eclemma.ui.commands.CoverageLast"),
		,,true),null),
	org.eclipse.ui.defaultAcceleratorConfiguration,
	org.eclipse.ui.contexts.window,,,system)
Binding(CTRL+SHIFT+F11,
	ParameterizedCommand(Command(org.eclipse.tcf.te.tcf.ui.toolbar.command.historyLast,Execute Last Action,
		,
		Category(org.eclipse.tcf.te.ui.commands.category,Target Explorer Commands,null,true),
		WorkbenchHandlerServiceHandler("org.eclipse.tcf.te.tcf.ui.toolbar.command.historyLast"),
		,,true),null),
	org.eclipse.ui.defaultAcceleratorConfiguration,
	org.eclipse.ui.contexts.window,,win32,system)
!SUBENTRY 1 org.eclipse.jface 2 0 2023-04-29 21:16:48.986
!MESSAGE A conflict occurred for CTRL+SHIFT+T:
Binding(CTRL+SHIFT+T,
	ParameterizedCommand(Command(org.eclipse.jdt.ui.navigate.open.type,Open Type,
		Open a type in a Java editor,
		Category(org.eclipse.ui.category.navigate,Navigate,null,true),
		WorkbenchHandlerServiceHandler("org.eclipse.jdt.ui.navigate.open.type"),
		,,true),null),
	org.eclipse.ui.defaultAcceleratorConfiguration,
	org.eclipse.ui.contexts.window,,,system)
Binding(CTRL+SHIFT+T,
	ParameterizedCommand(Command(org.eclipse.lsp4e.symbolinworkspace,Go to Symbol in Workspace,
		,
		Category(org.eclipse.lsp4e.category,Language Servers,null,true),
		WorkbenchHandlerServiceHandler("org.eclipse.lsp4e.symbolinworkspace"),
		,,true),null),
	org.eclipse.ui.defaultAcceleratorConfiguration,
	org.eclipse.ui.contexts.window,,,system)
!SUBENTRY 1 org.eclipse.jface 2 0 2023-04-29 21:16:48.986
!MESSAGE A conflict occurred for ALT+SHIFT+X R:
Binding(ALT+SHIFT+X R,
	ParameterizedCommand(Command(org.eclipse.rap.tools.launch.RAPLaunchShortcut.run,Run RAP Application,
		Run RAP Application,
		Category(org.eclipse.debug.ui.category.run,Run/Debug,Run/Debug command category,true),
		WorkbenchHandlerServiceHandler("org.eclipse.rap.tools.launch.RAPLaunchShortcut.run"),
		,,true),null),
	org.eclipse.ui.defaultAcceleratorConfiguration,
	org.eclipse.ui.contexts.window,,,system)
Binding(ALT+SHIFT+X R,
	ParameterizedCommand(Command(org.eclipse.wst.server.launchShortcut.run,Run on Server,
		Run the current selection on a server,
		Category(org.eclipse.debug.ui.category.run,Run/Debug,Run/Debug command category,true),
		WorkbenchHandlerServiceHandler("org.eclipse.wst.server.launchShortcut.run"),
		,,true),null),
	org.eclipse.ui.defaultAcceleratorConfiguration,
	org.eclipse.ui.contexts.window,,,system)
!SUBENTRY 1 org.eclipse.jface 2 0 2023-04-29 21:16:48.986
!MESSAGE A conflict occurred for ALT+SHIFT+R:
Binding(ALT+SHIFT+R,
	ParameterizedCommand(Command(org.eclipse.jdt.ui.edit.text.java.rename.element,Rename - Refactoring ,
		Rename the selected element,
		Category(org.eclipse.jdt.ui.category.refactoring,Refactor - Java,Java Refactoring Actions,true),
		WorkbenchHandlerServiceHandler("org.eclipse.jdt.ui.edit.text.java.rename.element"),
		,,true),null),
	org.eclipse.ui.defaultAcceleratorConfiguration,
	org.eclipse.ui.contexts.window,,,system)
Binding(ALT+SHIFT+R,
	ParameterizedCommand(Command(org.eclipse.ui.edit.rename,Rename,
		Rename the selected item,
		Category(org.eclipse.ui.category.file,File,null,true),
		WorkbenchHandlerServiceHandler("org.eclipse.ui.edit.rename"),
		,,true),null),
	org.eclipse.ui.defaultAcceleratorConfiguration,
	org.eclipse.ui.contexts.window,,,system)
!SUBENTRY 1 org.eclipse.jface 2 0 2023-04-29 21:16:48.986
!MESSAGE A conflict occurred for ALT+SHIFT+D R:
Binding(ALT+SHIFT+D R,
	ParameterizedCommand(Command(org.eclipse.rap.tools.launch.RAPLaunchShortcut.debug,Debug RAP Application,
		Debug RAP Application,
		Category(org.eclipse.debug.ui.category.run,Run/Debug,Run/Debug command category,true),
		WorkbenchHandlerServiceHandler("org.eclipse.rap.tools.launch.RAPLaunchShortcut.debug"),
		,,true),null),
	org.eclipse.ui.defaultAcceleratorConfiguration,
	org.eclipse.ui.contexts.window,,,system)
Binding(ALT+SHIFT+D R,
	ParameterizedCommand(Command(org.eclipse.wst.server.launchShortcut.debug,Debug on Server,
		Debug the current selection on a server,
		Category(org.eclipse.debug.ui.category.run,Run/Debug,Run/Debug command category,true),
		WorkbenchHandlerServiceHandler("org.eclipse.wst.server.launchShortcut.debug"),
		,,true),null),
	org.eclipse.ui.defaultAcceleratorConfiguration,
	org.eclipse.ui.contexts.window,,,system)

!ENTRY org.eclipse.egit.ui 2 0 2023-04-29 21:16:53.202
!MESSAGE Warning: The environment variable HOME is not set. The following directory will be used to store the Git
user global configuration and to define the default location to store repositories: 'C:\Users\Kdpat'. If this is
not correct please set the HOME environment variable and restart Eclipse. Otherwise Git for Windows and
EGit might behave differently since they see different configuration options.
This warning can be switched off on the Team > Git > Confirmations and Warnings preference page.
!SESSION 2023-04-29 21:44:19.125 -----------------------------------------------
eclipse.buildId=4.26.0.20221201-1200
java.version=17.0.6
java.vendor=Eclipse Adoptium
BootLoader constants: OS=win32, ARCH=x86_64, WS=win32, NL=en_IN
Framework arguments:  -product org.eclipse.epp.package.java.product
Command-line arguments:  -os win32 -ws win32 -arch x86_64 -product org.eclipse.epp.package.java.product

!ENTRY ch.qos.logback.classic 1 0 2023-04-29 21:44:20.435
!MESSAGE Activated before the state location was initialized. Retry after the state location is initialized.

!ENTRY ch.qos.logback.classic 1 0 2023-04-29 21:44:24.054
!MESSAGE Logback config file: C:\Users\Kdpat\OneDrive\Desktop\Servlet3apr\.metadata\.plugins\org.eclipse.m2e.logback\logback.2.1.0.20221015-0744.xml

!ENTRY org.eclipse.jface 2 0 2023-04-29 21:44:27.272
!MESSAGE Keybinding conflicts occurred.  They may interfere with normal accelerator operation.
!SUBENTRY 1 org.eclipse.jface 2 0 2023-04-29 21:44:27.272
!MESSAGE A conflict occurred for CTRL+SHIFT+F11:
Binding(CTRL+SHIFT+F11,
	ParameterizedCommand(Command(org.eclipse.eclemma.ui.commands.CoverageLast,Coverage,
		Coverage,
		Category(org.eclipse.debug.ui.category.run,Run/Debug,Run/Debug command category,true),
		WorkbenchHandlerServiceHandler("org.eclipse.eclemma.ui.commands.CoverageLast"),
		,,true),null),
	org.eclipse.ui.defaultAcceleratorConfiguration,
	org.eclipse.ui.contexts.window,,,system)
Binding(CTRL+SHIFT+F11,
	ParameterizedCommand(Command(org.eclipse.tcf.te.tcf.ui.toolbar.command.historyLast,Execute Last Action,
		,
		Category(org.eclipse.tcf.te.ui.commands.category,Target Explorer Commands,null,true),
		WorkbenchHandlerServiceHandler("org.eclipse.tcf.te.tcf.ui.toolbar.command.historyLast"),
		,,true),null),
	org.eclipse.ui.defaultAcceleratorConfiguration,
	org.eclipse.ui.contexts.window,,win32,system)
!SUBENTRY 1 org.eclipse.jface 2 0 2023-04-29 21:44:27.272
!MESSAGE A conflict occurred for CTRL+SHIFT+T:
Binding(CTRL+SHIFT+T,
	ParameterizedCommand(Command(org.eclipse.jdt.ui.navigate.open.type,Open Type,
		Open a type in a Java editor,
		Category(org.eclipse.ui.category.navigate,Navigate,null,true),
		WorkbenchHandlerServiceHandler("org.eclipse.jdt.ui.navigate.open.type"),
		,,true),null),
	org.eclipse.ui.defaultAcceleratorConfiguration,
	org.eclipse.ui.contexts.window,,,system)
Binding(CTRL+SHIFT+T,
	ParameterizedCommand(Command(org.eclipse.lsp4e.symbolinworkspace,Go to Symbol in Workspace,
		,
		Category(org.eclipse.lsp4e.category,Language Servers,null,true),
		WorkbenchHandlerServiceHandler("org.eclipse.lsp4e.symbolinworkspace"),
		,,true),null),
	org.eclipse.ui.defaultAcceleratorConfiguration,
	org.eclipse.ui.contexts.window,,,system)
!SUBENTRY 1 org.eclipse.jface 2 0 2023-04-29 21:44:27.272
!MESSAGE A conflict occurred for ALT+SHIFT+X R:
Binding(ALT+SHIFT+X R,
	ParameterizedCommand(Command(org.eclipse.rap.tools.launch.RAPLaunchShortcut.run,Run RAP Application,
		Run RAP Application,
		Category(org.eclipse.debug.ui.category.run,Run/Debug,Run/Debug command category,true),
		WorkbenchHandlerServiceHandler("org.eclipse.rap.tools.launch.RAPLaunchShortcut.run"),
		,,true),null),
	org.eclipse.ui.defaultAcceleratorConfiguration,
	org.eclipse.ui.contexts.window,,,system)
Binding(ALT+SHIFT+X R,
	ParameterizedCommand(Command(org.eclipse.wst.server.launchShortcut.run,Run on Server,
		Run the current selection on a server,
		Category(org.eclipse.debug.ui.category.run,Run/Debug,Run/Debug command category,true),
		WorkbenchHandlerServiceHandler("org.eclipse.wst.server.launchShortcut.run"),
		,,true),null),
	org.eclipse.ui.defaultAcceleratorConfiguration,
	org.eclipse.ui.contexts.window,,,system)
!SUBENTRY 1 org.eclipse.jface 2 0 2023-04-29 21:44:27.272
!MESSAGE A conflict occurred for ALT+SHIFT+R:
Binding(ALT+SHIFT+R,
	ParameterizedCommand(Command(org.eclipse.jdt.ui.edit.text.java.rename.element,Rename - Refactoring ,
		Rename the selected element,
		Category(org.eclipse.jdt.ui.category.refactoring,Refactor - Java,Java Refactoring Actions,true),
		WorkbenchHandlerServiceHandler("org.eclipse.jdt.ui.edit.text.java.rename.element"),
		,,true),null),
	org.eclipse.ui.defaultAcceleratorConfiguration,
	org.eclipse.ui.contexts.window,,,system)
Binding(ALT+SHIFT+R,
	ParameterizedCommand(Command(org.eclipse.ui.edit.rename,Rename,
		Rename the selected item,
		Category(org.eclipse.ui.category.file,File,null,true),
		WorkbenchHandlerServiceHandler("org.eclipse.ui.edit.rename"),
		,,true),null),
	org.eclipse.ui.defaultAcceleratorConfiguration,
	org.eclipse.ui.contexts.window,,,system)
!SUBENTRY 1 org.eclipse.jface 2 0 2023-04-29 21:44:27.272
!MESSAGE A conflict occurred for ALT+SHIFT+D R:
Binding(ALT+SHIFT+D R,
	ParameterizedCommand(Command(org.eclipse.rap.tools.launch.RAPLaunchShortcut.debug,Debug RAP Application,
		Debug RAP Application,
		Category(org.eclipse.debug.ui.category.run,Run/Debug,Run/Debug command category,true),
		WorkbenchHandlerServiceHandler("org.eclipse.rap.tools.launch.RAPLaunchShortcut.debug"),
		,,true),null),
	org.eclipse.ui.defaultAcceleratorConfiguration,
	org.eclipse.ui.contexts.window,,,system)
Binding(ALT+SHIFT+D R,
	ParameterizedCommand(Command(org.eclipse.wst.server.launchShortcut.debug,Debug on Server,
		Debug the current selection on a server,
		Category(org.eclipse.debug.ui.category.run,Run/Debug,Run/Debug command category,true),
		WorkbenchHandlerServiceHandler("org.eclipse.wst.server.launchShortcut.debug"),
		,,true),null),
	org.eclipse.ui.defaultAcceleratorConfiguration,
	org.eclipse.ui.contexts.window,,,system)

!ENTRY org.eclipse.egit.ui 2 0 2023-04-29 21:44:30.888
!MESSAGE Warning: The environment variable HOME is not set. The following directory will be used to store the Git
user global configuration and to define the default location to store repositories: 'C:\Users\Kdpat'. If this is
not correct please set the HOME environment variable and restart Eclipse. Otherwise Git for Windows and
EGit might behave differently since they see different configuration options.
This warning can be switched off on the Team > Git > Confirmations and Warnings preference page.
!SESSION 2023-04-29 21:45:24.803 -----------------------------------------------
eclipse.buildId=4.18.0.202303131455
java.version=19.0.1
java.vendor=Eclipse Adoptium
BootLoader constants: OS=win32, ARCH=x86_64, WS=win32, NL=en_IN
Framework arguments:  -product org.springframework.boot.ide.branding.sts4 -product org.springframework.boot.ide.branding.sts4
Command-line arguments:  -os win32 -ws win32 -arch x86_64 -product org.springframework.boot.ide.branding.sts4 -data C:\Users\Kdpat\OneDrive\Desktop\Servlet3apr -product org.springframework.boot.ide.branding.sts4

!ENTRY ch.qos.logback.classic 1 0 2023-04-29 21:45:26.220
!MESSAGE Activated before the state location was initialized. Retry after the state location is initialized.

!ENTRY ch.qos.logback.classic 1 0 2023-04-29 21:45:31.378
!MESSAGE Logback config file: C:\Users\Kdpat\OneDrive\Desktop\Servlet3apr\.metadata\.plugins\org.eclipse.m2e.logback\logback.2.1.100.20230106-1511.xml

!ENTRY org.eclipse.jface 2 0 2023-04-29 21:45:33.840
!MESSAGE Keybinding conflicts occurred.  They may interfere with normal accelerator operation.
!SUBENTRY 1 org.eclipse.jface 2 0 2023-04-29 21:45:33.840
!MESSAGE A conflict occurred for CTRL+SHIFT+T:
Binding(CTRL+SHIFT+T,
	ParameterizedCommand(Command(org.eclipse.jdt.ui.navigate.open.type,Open Type,
		Open a type in a Java editor,
		Category(org.eclipse.ui.category.navigate,Navigate,null,true),
		WorkbenchHandlerServiceHandler("org.eclipse.jdt.ui.navigate.open.type"),
		,,true),null),
	org.eclipse.ui.defaultAcceleratorConfiguration,
	org.eclipse.ui.contexts.window,,,system)
Binding(CTRL+SHIFT+T,
	ParameterizedCommand(Command(org.eclipse.lsp4e.symbolinworkspace,Go to Symbol in Workspace,
		,
		Category(org.eclipse.lsp4e.category,Language Servers,null,true),
		WorkbenchHandlerServiceHandler("org.eclipse.lsp4e.symbolinworkspace"),
		,,true),null),
	org.eclipse.ui.defaultAcceleratorConfiguration,
	org.eclipse.ui.contexts.window,,,system)
!SUBENTRY 1 org.eclipse.jface 2 0 2023-04-29 21:45:33.840
!MESSAGE A conflict occurred for ALT+SHIFT+R:
Binding(ALT+SHIFT+R,
	ParameterizedCommand(Command(org.eclipse.jdt.ui.edit.text.java.rename.element,Rename - Refactoring ,
		Rename the selected element,
		Category(org.eclipse.jdt.ui.category.refactoring,Refactor - Java,Java Refactoring Actions,true),
		WorkbenchHandlerServiceHandler("org.eclipse.jdt.ui.edit.text.java.rename.element"),
		,,true),null),
	org.eclipse.ui.defaultAcceleratorConfiguration,
	org.eclipse.ui.contexts.window,,,system)
Binding(ALT+SHIFT+R,
	ParameterizedCommand(Command(org.eclipse.ui.edit.rename,Rename,
		Rename the selected item,
		Category(org.eclipse.ui.category.file,File,null,true),
		WorkbenchHandlerServiceHandler("org.eclipse.ui.edit.rename"),
		,,true),null),
	org.eclipse.ui.defaultAcceleratorConfiguration,
	org.eclipse.ui.contexts.window,,,system)

!ENTRY org.eclipse.ui 4 4 2023-04-29 21:45:35.868
!MESSAGE Unable to create part
!STACK 1
org.eclipse.ui.PartInitException: Cannot invoke "org.eclipse.ui.intro.IIntroPart.getTitle()" because "this.introPart" is null
	at org.eclipse.ui.internal.e4.compatibility.CompatibilityPart.create(CompatibilityPart.java:350)
	at java.base/jdk.internal.reflect.DirectMethodHandleAccessor.invoke(DirectMethodHandleAccessor.java:104)
	at java.base/java.lang.reflect.Method.invoke(Method.java:578)
	at org.eclipse.e4.core.internal.di.MethodRequestor.execute(MethodRequestor.java:58)
	at org.eclipse.e4.core.internal.di.InjectorImpl.processAnnotated(InjectorImpl.java:995)
	at org.eclipse.e4.core.internal.di.InjectorImpl.processAnnotated(InjectorImpl.java:960)
	at org.eclipse.e4.core.internal.di.InjectorImpl.internalInject(InjectorImpl.java:140)
	at org.eclipse.e4.core.internal.di.InjectorImpl.internalMake(InjectorImpl.java:403)
	at org.eclipse.e4.core.internal.di.InjectorImpl.make(InjectorImpl.java:330)
	at org.eclipse.e4.core.contexts.ContextInjectionFactory.make(ContextInjectionFactory.java:202)
	at org.eclipse.e4.ui.internal.workbench.ReflectionContributionFactory.createFromBundle(ReflectionContributionFactory.java:91)
	at org.eclipse.e4.ui.internal.workbench.ReflectionContributionFactory.doCreate(ReflectionContributionFactory.java:60)
	at org.eclipse.e4.ui.internal.workbench.ReflectionContributionFactory.create(ReflectionContributionFactory.java:42)
	at org.eclipse.e4.ui.workbench.renderers.swt.ContributedPartRenderer.createWidget(ContributedPartRenderer.java:132)
	at org.eclipse.e4.ui.internal.workbench.swt.PartRenderingEngine.createWidget(PartRenderingEngine.java:995)
	at org.eclipse.e4.ui.internal.workbench.swt.PartRenderingEngine.safeCreateGui(PartRenderingEngine.java:659)
	at org.eclipse.e4.ui.internal.workbench.swt.PartRenderingEngine$1.run(PartRenderingEngine.java:544)
	at org.eclipse.core.runtime.SafeRunner.run(SafeRunner.java:45)
	at org.eclipse.e4.ui.internal.workbench.swt.PartRenderingEngine.createGui(PartRenderingEngine.java:528)
	at org.eclipse.e4.ui.workbench.renderers.swt.ElementReferenceRenderer.createWidget(ElementReferenceRenderer.java:73)
	at org.eclipse.e4.ui.internal.workbench.swt.PartRenderingEngine.createWidget(PartRenderingEngine.java:995)
	at org.eclipse.e4.ui.internal.workbench.swt.PartRenderingEngine.safeCreateGui(PartRenderingEngine.java:659)
	at org.eclipse.e4.ui.internal.workbench.swt.PartRenderingEngine.safeCreateGui(PartRenderingEngine.java:763)
	at org.eclipse.e4.ui.internal.workbench.swt.PartRenderingEngine$2.run(PartRenderingEngine.java:728)
	at org.eclipse.core.runtime.SafeRunner.run(SafeRunner.java:45)
	at org.eclipse.e4.ui.internal.workbench.swt.PartRenderingEngine.createGui(PartRenderingEngine.java:712)
	at org.eclipse.e4.ui.workbench.renderers.swt.StackRenderer.showTab(StackRenderer.java:1208)
	at org.eclipse.e4.ui.workbench.renderers.swt.LazyStackRenderer.postProcess(LazyStackRenderer.java:116)
	at org.eclipse.e4.ui.internal.workbench.swt.PartRenderingEngine.safeCreateGui(PartRenderingEngine.java:677)
	at org.eclipse.e4.ui.internal.workbench.swt.PartRenderingEngine.safeCreateGui(PartRenderingEngine.java:763)
	at org.eclipse.e4.ui.internal.workbench.swt.PartRenderingEngine$2.run(PartRenderingEngine.java:728)
	at org.eclipse.core.runtime.SafeRunner.run(SafeRunner.java:45)
	at org.eclipse.e4.ui.internal.workbench.swt.PartRenderingEngine.createGui(PartRenderingEngine.java:712)
	at org.eclipse.e4.ui.workbench.renderers.swt.SWTPartRenderer.processContents(SWTPartRenderer.java:72)
	at org.eclipse.e4.ui.workbench.renderers.swt.SashRenderer.processContents(SashRenderer.java:150)
	at org.eclipse.e4.ui.internal.workbench.swt.PartRenderingEngine.safeCreateGui(PartRenderingEngine.java:673)
	at org.eclipse.e4.ui.internal.workbench.swt.PartRenderingEngine.safeCreateGui(PartRenderingEngine.java:763)
	at org.eclipse.e4.ui.internal.workbench.swt.PartRenderingEngine$2.run(PartRenderingEngine.java:728)
	at org.eclipse.core.runtime.SafeRunner.run(SafeRunner.java:45)
	at org.eclipse.e4.ui.internal.workbench.swt.PartRenderingEngine.createGui(PartRenderingEngine.java:712)
	at org.eclipse.e4.ui.workbench.renderers.swt.SWTPartRenderer.processContents(SWTPartRenderer.java:72)
	at org.eclipse.e4.ui.workbench.renderers.swt.WBWRenderer.processContents(WBWRenderer.java:658)
	at org.eclipse.e4.ui.internal.workbench.swt.PartRenderingEngine.safeCreateGui(PartRenderingEngine.java:673)
	at org.eclipse.e4.ui.internal.workbench.swt.PartRenderingEngine.safeCreateGui(PartRenderingEngine.java:763)
	at org.eclipse.e4.ui.internal.workbench.swt.PartRenderingEngine$2.run(PartRenderingEngine.java:728)
	at org.eclipse.core.runtime.SafeRunner.run(SafeRunner.java:45)
	at org.eclipse.e4.ui.internal.workbench.swt.PartRenderingEngine.createGui(PartRenderingEngine.java:712)
	at org.eclipse.e4.ui.internal.workbench.swt.PartRenderingEngine$5.run(PartRenderingEngine.java:1083)
	at org.eclipse.core.databinding.observable.Realm.runWithDefault(Realm.java:338)
	at org.eclipse.e4.ui.internal.workbench.swt.PartRenderingEngine.run(PartRenderingEngine.java:1046)
	at org.eclipse.e4.ui.internal.workbench.E4Workbench.createAndRunUI(E4Workbench.java:155)
	at org.eclipse.ui.internal.Workbench.lambda$3(Workbench.java:643)
	at org.eclipse.core.databinding.observable.Realm.runWithDefault(Realm.java:338)
	at org.eclipse.ui.internal.Workbench.createAndRunWorkbench(Workbench.java:550)
	at org.eclipse.ui.PlatformUI.createAndRunWorkbench(PlatformUI.java:171)
	at org.eclipse.ui.internal.ide.application.IDEApplication.start(IDEApplication.java:152)
	at org.eclipse.equinox.internal.app.EclipseAppHandle.run(EclipseAppHandle.java:203)
	at org.eclipse.core.runtime.internal.adaptor.EclipseAppLauncher.runApplication(EclipseAppLauncher.java:136)
	at org.eclipse.core.runtime.internal.adaptor.EclipseAppLauncher.start(EclipseAppLauncher.java:104)
	at org.eclipse.core.runtime.adaptor.EclipseStarter.run(EclipseStarter.java:402)
	at org.eclipse.core.runtime.adaptor.EclipseStarter.run(EclipseStarter.java:255)
	at java.base/jdk.internal.reflect.DirectMethodHandleAccessor.invoke(DirectMethodHandleAccessor.java:104)
	at java.base/java.lang.reflect.Method.invoke(Method.java:578)
	at org.eclipse.equinox.launcher.Main.invokeFramework(Main.java:659)
	at org.eclipse.equinox.launcher.Main.basicRun(Main.java:596)
	at org.eclipse.equinox.launcher.Main.run(Main.java:1467)
Caused by: java.lang.NullPointerException: Cannot invoke "org.eclipse.ui.intro.IIntroPart.getTitle()" because "this.introPart" is null
	at org.eclipse.ui.internal.ViewIntroAdapterPart.init(ViewIntroAdapterPart.java:180)
	at org.eclipse.ui.internal.ViewReference.initialize(ViewReference.java:129)
	at org.eclipse.ui.internal.e4.compatibility.CompatibilityPart.create(CompatibilityPart.java:344)
	... 65 more
!SUBENTRY 1 org.eclipse.ui 4 0 2023-04-29 21:45:35.869
!MESSAGE Cannot invoke "org.eclipse.ui.intro.IIntroPart.getTitle()" because "this.introPart" is null
!STACK 0
java.lang.NullPointerException: Cannot invoke "org.eclipse.ui.intro.IIntroPart.getTitle()" because "this.introPart" is null
	at org.eclipse.ui.internal.ViewIntroAdapterPart.init(ViewIntroAdapterPart.java:180)
	at org.eclipse.ui.internal.ViewReference.initialize(ViewReference.java:129)
	at org.eclipse.ui.internal.e4.compatibility.CompatibilityPart.create(CompatibilityPart.java:344)
	at java.base/jdk.internal.reflect.DirectMethodHandleAccessor.invoke(DirectMethodHandleAccessor.java:104)
	at java.base/java.lang.reflect.Method.invoke(Method.java:578)
	at org.eclipse.e4.core.internal.di.MethodRequestor.execute(MethodRequestor.java:58)
	at org.eclipse.e4.core.internal.di.InjectorImpl.processAnnotated(InjectorImpl.java:995)
	at org.eclipse.e4.core.internal.di.InjectorImpl.processAnnotated(InjectorImpl.java:960)
	at org.eclipse.e4.core.internal.di.InjectorImpl.internalInject(InjectorImpl.java:140)
	at org.eclipse.e4.core.internal.di.InjectorImpl.internalMake(InjectorImpl.java:403)
	at org.eclipse.e4.core.internal.di.InjectorImpl.make(InjectorImpl.java:330)
	at org.eclipse.e4.core.contexts.ContextInjectionFactory.make(ContextInjectionFactory.java:202)
	at org.eclipse.e4.ui.internal.workbench.ReflectionContributionFactory.createFromBundle(ReflectionContributionFactory.java:91)
	at org.eclipse.e4.ui.internal.workbench.ReflectionContributionFactory.doCreate(ReflectionContributionFactory.java:60)
	at org.eclipse.e4.ui.internal.workbench.ReflectionContributionFactory.create(ReflectionContributionFactory.java:42)
	at org.eclipse.e4.ui.workbench.renderers.swt.ContributedPartRenderer.createWidget(ContributedPartRenderer.java:132)
	at org.eclipse.e4.ui.internal.workbench.swt.PartRenderingEngine.createWidget(PartRenderingEngine.java:995)
	at org.eclipse.e4.ui.internal.workbench.swt.PartRenderingEngine.safeCreateGui(PartRenderingEngine.java:659)
	at org.eclipse.e4.ui.internal.workbench.swt.PartRenderingEngine$1.run(PartRenderingEngine.java:544)
	at org.eclipse.core.runtime.SafeRunner.run(SafeRunner.java:45)
	at org.eclipse.e4.ui.internal.workbench.swt.PartRenderingEngine.createGui(PartRenderingEngine.java:528)
	at org.eclipse.e4.ui.workbench.renderers.swt.ElementReferenceRenderer.createWidget(ElementReferenceRenderer.java:73)
	at org.eclipse.e4.ui.internal.workbench.swt.PartRenderingEngine.createWidget(PartRenderingEngine.java:995)
	at org.eclipse.e4.ui.internal.workbench.swt.PartRenderingEngine.safeCreateGui(PartRenderingEngine.java:659)
	at org.eclipse.e4.ui.internal.workbench.swt.PartRenderingEngine.safeCreateGui(PartRenderingEngine.java:763)
	at org.eclipse.e4.ui.internal.workbench.swt.PartRenderingEngine$2.run(PartRenderingEngine.java:728)
	at org.eclipse.core.runtime.SafeRunner.run(SafeRunner.java:45)
	at org.eclipse.e4.ui.internal.workbench.swt.PartRenderingEngine.createGui(PartRenderingEngine.java:712)
	at org.eclipse.e4.ui.workbench.renderers.swt.StackRenderer.showTab(StackRenderer.java:1208)
	at org.eclipse.e4.ui.workbench.renderers.swt.LazyStackRenderer.postProcess(LazyStackRenderer.java:116)
	at org.eclipse.e4.ui.internal.workbench.swt.PartRenderingEngine.safeCreateGui(PartRenderingEngine.java:677)
	at org.eclipse.e4.ui.internal.workbench.swt.PartRenderingEngine.safeCreateGui(PartRenderingEngine.java:763)
	at org.eclipse.e4.ui.internal.workbench.swt.PartRenderingEngine$2.run(PartRenderingEngine.java:728)
	at org.eclipse.core.runtime.SafeRunner.run(SafeRunner.java:45)
	at org.eclipse.e4.ui.internal.workbench.swt.PartRenderingEngine.createGui(PartRenderingEngine.java:712)
	at org.eclipse.e4.ui.workbench.renderers.swt.SWTPartRenderer.processContents(SWTPartRenderer.java:72)
	at org.eclipse.e4.ui.workbench.renderers.swt.SashRenderer.processContents(SashRenderer.java:150)
	at org.eclipse.e4.ui.internal.workbench.swt.PartRenderingEngine.safeCreateGui(PartRenderingEngine.java:673)
	at org.eclipse.e4.ui.internal.workbench.swt.PartRenderingEngine.safeCreateGui(PartRenderingEngine.java:763)
	at org.eclipse.e4.ui.internal.workbench.swt.PartRenderingEngine$2.run(PartRenderingEngine.java:728)
	at org.eclipse.core.runtime.SafeRunner.run(SafeRunner.java:45)
	at org.eclipse.e4.ui.internal.workbench.swt.PartRenderingEngine.createGui(PartRenderingEngine.java:712)
	at org.eclipse.e4.ui.workbench.renderers.swt.SWTPartRenderer.processContents(SWTPartRenderer.java:72)
	at org.eclipse.e4.ui.workbench.renderers.swt.WBWRenderer.processContents(WBWRenderer.java:658)
	at org.eclipse.e4.ui.internal.workbench.swt.PartRenderingEngine.safeCreateGui(PartRenderingEngine.java:673)
	at org.eclipse.e4.ui.internal.workbench.swt.PartRenderingEngine.safeCreateGui(PartRenderingEngine.java:763)
	at org.eclipse.e4.ui.internal.workbench.swt.PartRenderingEngine$2.run(PartRenderingEngine.java:728)
	at org.eclipse.core.runtime.SafeRunner.run(SafeRunner.java:45)
	at org.eclipse.e4.ui.internal.workbench.swt.PartRenderingEngine.createGui(PartRenderingEngine.java:712)
	at org.eclipse.e4.ui.internal.workbench.swt.PartRenderingEngine$5.run(PartRenderingEngine.java:1083)
	at org.eclipse.core.databinding.observable.Realm.runWithDefault(Realm.java:338)
	at org.eclipse.e4.ui.internal.workbench.swt.PartRenderingEngine.run(PartRenderingEngine.java:1046)
	at org.eclipse.e4.ui.internal.workbench.E4Workbench.createAndRunUI(E4Workbench.java:155)
	at org.eclipse.ui.internal.Workbench.lambda$3(Workbench.java:643)
	at org.eclipse.core.databinding.observable.Realm.runWithDefault(Realm.java:338)
	at org.eclipse.ui.internal.Workbench.createAndRunWorkbench(Workbench.java:550)
	at org.eclipse.ui.PlatformUI.createAndRunWorkbench(PlatformUI.java:171)
	at org.eclipse.ui.internal.ide.application.IDEApplication.start(IDEApplication.java:152)
	at org.eclipse.equinox.internal.app.EclipseAppHandle.run(EclipseAppHandle.java:203)
	at org.eclipse.core.runtime.internal.adaptor.EclipseAppLauncher.runApplication(EclipseAppLauncher.java:136)
	at org.eclipse.core.runtime.internal.adaptor.EclipseAppLauncher.start(EclipseAppLauncher.java:104)
	at org.eclipse.core.runtime.adaptor.EclipseStarter.run(EclipseStarter.java:402)
	at org.eclipse.core.runtime.adaptor.EclipseStarter.run(EclipseStarter.java:255)
	at java.base/jdk.internal.reflect.DirectMethodHandleAccessor.invoke(DirectMethodHandleAccessor.java:104)
	at java.base/java.lang.reflect.Method.invoke(Method.java:578)
	at org.eclipse.equinox.launcher.Main.invokeFramework(Main.java:659)
	at org.eclipse.equinox.launcher.Main.basicRun(Main.java:596)
	at org.eclipse.equinox.launcher.Main.run(Main.java:1467)

!ENTRY org.eclipse.egit.ui 2 0 2023-04-29 21:45:36.225
!MESSAGE Warning: The environment variable HOME is not set. The following directory will be used to store the Git
user global configuration and to define the default location to store repositories: 'C:\Users\Kdpat'. If this is
not correct please set the HOME environment variable and restart Eclipse. Otherwise Git for Windows and
EGit might behave differently since they see different configuration options.
This warning can be switched off on the Team > Git > Confirmations and Warnings preference page.

!ENTRY org.eclipse.e4.ui.workbench 2 0 2023-04-29 21:45:36.289
!MESSAGE Removing PartDescriptorImpl with the "org.eclipse.eclemma.ui.CoverageView" id and the "Coverage" label.It points to the non available "bundleclass://org.eclipse.ui.workbench/org.eclipse.ui.internal.e4.compatibility.CompatibilityView" class. Bundle might have been uninstalled

!ENTRY org.eclipse.e4.ui.workbench 2 0 2023-04-29 21:45:36.296
!MESSAGE Removing PartDescriptorImpl with the "org.eclipse.oomph.p2.ui.RepositoryExplorer" id and the "Repository Explorer" label.It points to the non available "bundleclass://org.eclipse.ui.workbench/org.eclipse.ui.internal.e4.compatibility.CompatibilityView" class. Bundle might have been uninstalled

!ENTRY org.eclipse.e4.ui.workbench 2 0 2023-04-29 21:45:36.304
!MESSAGE Removing PartDescriptorImpl with the "org.eclipse.cdt.codan.internal.ui.views.ProblemDetails" id and the "Problem Details" label.It points to the non available "bundleclass://org.eclipse.ui.workbench/org.eclipse.ui.internal.e4.compatibility.CompatibilityView" class. Bundle might have been uninstalled

!ENTRY org.eclipse.e4.ui.workbench 2 0 2023-04-29 21:45:36.305
!MESSAGE Removing PartDescriptorImpl with the "org.eclipse.cdt.debug.ui.executablesView" id and the "Executables" label.It points to the non available "bundleclass://org.eclipse.ui.workbench/org.eclipse.ui.internal.e4.compatibility.CompatibilityView" class. Bundle might have been uninstalled

!ENTRY org.eclipse.e4.ui.workbench 2 0 2023-04-29 21:45:36.307
!MESSAGE Removing PartDescriptorImpl with the "org.eclipse.cdt.debug.ui.SignalsView" id and the "Signals" label.It points to the non available "bundleclass://org.eclipse.ui.workbench/org.eclipse.ui.internal.e4.compatibility.CompatibilityView" class. Bundle might have been uninstalled

!ENTRY org.eclipse.e4.ui.workbench 2 0 2023-04-29 21:45:36.309
!MESSAGE Removing PartDescriptorImpl with the "org.eclipse.cdt.debug.ui.debuggerConsoleView" id and the "Debugger Console" label.It points to the non available "bundleclass://org.eclipse.ui.workbench/org.eclipse.ui.internal.e4.compatibility.CompatibilityView" class. Bundle might have been uninstalled

!ENTRY org.eclipse.e4.ui.workbench 2 0 2023-04-29 21:45:36.310
!MESSAGE Removing PartDescriptorImpl with the "org.eclipse.cdt.dsf.gdb.ui.tracecontrol.view" id and the "Trace Control" label.It points to the non available "bundleclass://org.eclipse.ui.workbench/org.eclipse.ui.internal.e4.compatibility.CompatibilityView" class. Bundle might have been uninstalled

!ENTRY org.eclipse.e4.ui.workbench 2 0 2023-04-29 21:45:36.312
!MESSAGE Removing PartDescriptorImpl with the "org.eclipse.cdt.dsf.gdb.ui.osresources.view" id and the "OS Resources" label.It points to the non available "bundleclass://org.eclipse.ui.workbench/org.eclipse.ui.internal.e4.compatibility.CompatibilityView" class. Bundle might have been uninstalled

!ENTRY org.eclipse.e4.ui.workbench 2 0 2023-04-29 21:45:36.314
!MESSAGE Removing PartDescriptorImpl with the "org.eclipse.cdt.dsf.gdb.ui.debugsources.view" id and the "Debug Sources" label.It points to the non available "bundleclass://org.eclipse.ui.workbench/org.eclipse.ui.internal.e4.compatibility.CompatibilityView" class. Bundle might have been uninstalled

!ENTRY org.eclipse.e4.ui.workbench 2 0 2023-04-29 21:45:36.315
!MESSAGE Removing PartDescriptorImpl with the "org.eclipse.cdt.dsf.debug.ui.disassembly.view" id and the "Disassembly" label.It points to the non available "bundleclass://org.eclipse.ui.workbench/org.eclipse.ui.internal.e4.compatibility.CompatibilityView" class. Bundle might have been uninstalled

!ENTRY org.eclipse.e4.ui.workbench 2 0 2023-04-29 21:45:36.316
!MESSAGE Removing PartDescriptorImpl with the "org.eclipse.cdt.make.ui.views.MakeView" id and the "Build Targets" label.It points to the non available "bundleclass://org.eclipse.ui.workbench/org.eclipse.ui.internal.e4.compatibility.CompatibilityView" class. Bundle might have been uninstalled

!ENTRY org.eclipse.e4.ui.workbench 2 0 2023-04-29 21:45:36.319
!MESSAGE Removing PartDescriptorImpl with the "org.eclipse.cdt.testsrunner.resultsview" id and the "C/C++ Unit" label.It points to the non available "bundleclass://org.eclipse.ui.workbench/org.eclipse.ui.internal.e4.compatibility.CompatibilityView" class. Bundle might have been uninstalled

!ENTRY org.eclipse.e4.ui.workbench 2 0 2023-04-29 21:45:36.320
!MESSAGE Removing PartDescriptorImpl with the "org.eclipse.cdt.ui.CView" id and the "C/C++ Projects" label.It points to the non available "bundleclass://org.eclipse.ui.workbench/org.eclipse.ui.internal.e4.compatibility.CompatibilityView" class. Bundle might have been uninstalled

!ENTRY org.eclipse.e4.ui.workbench 2 0 2023-04-29 21:45:36.322
!MESSAGE Removing PartDescriptorImpl with the "org.eclipse.cdt.ui.IndexView" id and the "C/C++ Index" label.It points to the non available "bundleclass://org.eclipse.ui.workbench/org.eclipse.ui.internal.e4.compatibility.CompatibilityView" class. Bundle might have been uninstalled

!ENTRY org.eclipse.e4.ui.workbench 2 0 2023-04-29 21:45:36.323
!MESSAGE Removing PartDescriptorImpl with the "org.eclipse.cdt.ui.includeBrowser" id and the "Include Browser" label.It points to the non available "bundleclass://org.eclipse.ui.workbench/org.eclipse.ui.internal.e4.compatibility.CompatibilityView" class. Bundle might have been uninstalled

!ENTRY org.eclipse.e4.ui.workbench 2 0 2023-04-29 21:45:36.325
!MESSAGE Removing PartDescriptorImpl with the "org.eclipse.cdt.ui.callHierarchy" id and the "Call Hierarchy" label.It points to the non available "bundleclass://org.eclipse.ui.workbench/org.eclipse.ui.internal.e4.compatibility.CompatibilityView" class. Bundle might have been uninstalled

!ENTRY org.eclipse.e4.ui.workbench 2 0 2023-04-29 21:45:36.326
!MESSAGE Removing PartDescriptorImpl with the "org.eclipse.cdt.ui.typeHierarchy" id and the "Type Hierarchy" label.It points to the non available "bundleclass://org.eclipse.ui.workbench/org.eclipse.ui.internal.e4.compatibility.CompatibilityView" class. Bundle might have been uninstalled

!ENTRY org.eclipse.e4.ui.workbench 2 0 2023-04-29 21:45:36.350
!MESSAGE Removing PartDescriptorImpl with the "org.eclipse.cdt.visualizer.view" id and the "Visualizer" label.It points to the non available "bundleclass://org.eclipse.ui.workbench/org.eclipse.ui.internal.e4.compatibility.CompatibilityView" class. Bundle might have been uninstalled

!ENTRY org.eclipse.e4.ui.workbench 2 0 2023-04-29 21:45:36.351
!MESSAGE Removing PartDescriptorImpl with the "org.eclipse.datatools.connectivity.DataSourceExplorerNavigator" id and the "Data Source Explorer" label.It points to the non available "bundleclass://org.eclipse.ui.workbench/org.eclipse.ui.internal.e4.compatibility.CompatibilityView" class. Bundle might have been uninstalled

!ENTRY org.eclipse.e4.ui.workbench 2 0 2023-04-29 21:45:36.352
!MESSAGE Removing PartDescriptorImpl with the "org.eclipse.datatools.sqltools.plan.planView" id and the "Execution Plan" label.It points to the non available "bundleclass://org.eclipse.ui.workbench/org.eclipse.ui.internal.e4.compatibility.CompatibilityView" class. Bundle might have been uninstalled

!ENTRY org.eclipse.e4.ui.workbench 2 0 2023-04-29 21:45:36.355
!MESSAGE Removing PartDescriptorImpl with the "org.eclipse.datatools.sqltools.result.resultView" id and the "SQL Results" label.It points to the non available "bundleclass://org.eclipse.ui.workbench/org.eclipse.ui.internal.e4.compatibility.CompatibilityView" class. Bundle might have been uninstalled

!ENTRY org.eclipse.e4.ui.workbench 2 0 2023-04-29 21:45:36.357
!MESSAGE Removing PartDescriptorImpl with the "org.eclipse.dltk.debug.ui.dbgpLogView" id and the "Script Debug Log" label.It points to the non available "bundleclass://org.eclipse.ui.workbench/org.eclipse.ui.internal.e4.compatibility.CompatibilityView" class. Bundle might have been uninstalled

!ENTRY org.eclipse.e4.ui.workbench 2 0 2023-04-29 21:45:36.359
!MESSAGE Removing PartDescriptorImpl with the "org.eclipse.dltk.debug.ui.ScriptDisplayView" id and the "Interactive Console" label.It points to the non available "bundleclass://org.eclipse.ui.workbench/org.eclipse.ui.internal.e4.compatibility.CompatibilityView" class. Bundle might have been uninstalled

!ENTRY org.eclipse.e4.ui.workbench 2 0 2023-04-29 21:45:36.361
!MESSAGE Removing PartDescriptorImpl with the "org.eclipse.dltk.tcl.internal.ui.navigation.NamespacesView" id and the "Tcl Namespaces" label.It points to the non available "bundleclass://org.eclipse.ui.workbench/org.eclipse.ui.internal.e4.compatibility.CompatibilityView" class. Bundle might have been uninstalled

!ENTRY org.eclipse.e4.ui.workbench 2 0 2023-04-29 21:45:36.363
!MESSAGE Removing PartDescriptorImpl with the "org.eclipse.dltk.tcl.internal.ui.navigation.FunctionsView" id and the "Tcl Functions" label.It points to the non available "bundleclass://org.eclipse.ui.workbench/org.eclipse.ui.internal.e4.compatibility.CompatibilityView" class. Bundle might have been uninstalled

!ENTRY org.eclipse.e4.ui.workbench 2 0 2023-04-29 21:45:36.364
!MESSAGE Removing PartDescriptorImpl with the "org.eclipse.dltk.tcl.internal.ui.navigation.PackagesView" id and the "Tcl Packages" label.It points to the non available "bundleclass://org.eclipse.ui.workbench/org.eclipse.ui.internal.e4.compatibility.CompatibilityView" class. Bundle might have been uninstalled

!ENTRY org.eclipse.e4.ui.workbench 2 0 2023-04-29 21:45:36.366
!MESSAGE Removing PartDescriptorImpl with the "org.eclipse.dltk.tcl.ui.TclDocumentationView" id and the "Tcl Documentation" label.It points to the non available "bundleclass://org.eclipse.ui.workbench/org.eclipse.ui.internal.e4.compatibility.CompatibilityView" class. Bundle might have been uninstalled

!ENTRY org.eclipse.e4.ui.workbench 2 0 2023-04-29 21:45:36.367
!MESSAGE Removing PartDescriptorImpl with the "org.eclipse.dltk.tcl.ui.Projects" id and the "Tcl Projects" label.It points to the non available "bundleclass://org.eclipse.ui.workbench/org.eclipse.ui.internal.e4.compatibility.CompatibilityView" class. Bundle might have been uninstalled

!ENTRY org.eclipse.e4.ui.workbench 2 0 2023-04-29 21:45:36.369
!MESSAGE Removing PartDescriptorImpl with the "org.eclipse.dltk.tcl.ui.extbrowsing" id and the "Tcl Namespaces/Classes" label.It points to the non available "bundleclass://org.eclipse.ui.workbench/org.eclipse.ui.internal.e4.compatibility.CompatibilityView" class. Bundle might have been uninstalled

!ENTRY org.eclipse.e4.ui.workbench 2 0 2023-04-29 21:45:36.371
!MESSAGE Removing PartDescriptorImpl with the "org.eclipse.dltk.tcl.ui.Members" id and the "Tcl Members" label.It points to the non available "bundleclass://org.eclipse.ui.workbench/org.eclipse.ui.internal.e4.compatibility.CompatibilityView" class. Bundle might have been uninstalled

!ENTRY org.eclipse.e4.ui.workbench 2 0 2023-04-29 21:45:36.372
!MESSAGE Removing PartDescriptorImpl with the "org.eclipse.dltk.testing.ResultView" id and the "Script Unit Test" label.It points to the non available "bundleclass://org.eclipse.ui.workbench/org.eclipse.ui.internal.e4.compatibility.CompatibilityView" class. Bundle might have been uninstalled

!ENTRY org.eclipse.e4.ui.workbench 2 0 2023-04-29 21:45:36.373
!MESSAGE Removing PartDescriptorImpl with the "org.eclipse.dltk.ui.ScriptExplorer" id and the "Script Explorer" label.It points to the non available "bundleclass://org.eclipse.ui.workbench/org.eclipse.ui.internal.e4.compatibility.CompatibilityView" class. Bundle might have been uninstalled

!ENTRY org.eclipse.e4.ui.workbench 2 0 2023-04-29 21:45:36.375
!MESSAGE Removing PartDescriptorImpl with the "org.eclipse.dltk.callhierarchy.view" id and the "Call Hierarchy" label.It points to the non available "bundleclass://org.eclipse.ui.workbench/org.eclipse.ui.internal.e4.compatibility.CompatibilityView" class. Bundle might have been uninstalled

!ENTRY org.eclipse.e4.ui.workbench 2 0 2023-04-29 21:45:36.377
!MESSAGE Removing PartDescriptorImpl with the "org.eclipse.dltk.ui.TypeHierarchy" id and the "Type Hierarchy" label.It points to the non available "bundleclass://org.eclipse.ui.workbench/org.eclipse.ui.internal.e4.compatibility.CompatibilityView" class. Bundle might have been uninstalled

!ENTRY org.eclipse.e4.ui.workbench 2 0 2023-04-29 21:45:36.379
!MESSAGE Removing PartDescriptorImpl with the "org.eclipse.graphiti.ui.internal.editor.thumbnailview" id and the "Miniature View" label.It points to the non available "bundleclass://org.eclipse.ui.workbench/org.eclipse.ui.internal.e4.compatibility.CompatibilityView" class. Bundle might have been uninstalled

!ENTRY org.eclipse.e4.ui.workbench 2 0 2023-04-29 21:45:36.381
!MESSAGE Removing PartDescriptorImpl with the "org.eclipse.jpt.ui.jpaStructureView" id and the "JPA Structure" label.It points to the non available "bundleclass://org.eclipse.ui.workbench/org.eclipse.ui.internal.e4.compatibility.CompatibilityView" class. Bundle might have been uninstalled

!ENTRY org.eclipse.e4.ui.workbench 2 0 2023-04-29 21:45:36.384
!MESSAGE Removing PartDescriptorImpl with the "org.eclipse.jpt.ui.jpaDetailsView" id and the "JPA Details" label.It points to the non available "bundleclass://org.eclipse.ui.workbench/org.eclipse.ui.internal.e4.compatibility.CompatibilityView" class. Bundle might have been uninstalled

!ENTRY org.eclipse.e4.ui.workbench 2 0 2023-04-29 21:45:36.393
!MESSAGE Removing PartDescriptorImpl with the "org.eclipse.photran.ui.FortranView" id and the "Fortran Projects" label.It points to the non available "bundleclass://org.eclipse.ui.workbench/org.eclipse.ui.internal.e4.compatibility.CompatibilityView" class. Bundle might have been uninstalled

!ENTRY org.eclipse.e4.ui.workbench 2 0 2023-04-29 21:45:36.394
!MESSAGE Removing PartDescriptorImpl with the "org.eclipse.photran.ui.DeclarationView" id and the "Fortran Declaration" label.It points to the non available "bundleclass://org.eclipse.ui.workbench/org.eclipse.ui.internal.e4.compatibility.CompatibilityView" class. Bundle might have been uninstalled

!ENTRY org.eclipse.e4.ui.workbench 2 0 2023-04-29 21:45:36.396
!MESSAGE Removing PartDescriptorImpl with the "org.eclipse.photran.ui.VPGProblemView" id and the "Fortran Analysis/Refactoring Problems" label.It points to the non available "bundleclass://org.eclipse.ui.workbench/org.eclipse.ui.internal.e4.compatibility.CompatibilityView" class. Bundle might have been uninstalled

!ENTRY org.eclipse.e4.ui.workbench 2 0 2023-04-29 21:45:36.397
!MESSAGE Removing PartDescriptorImpl with the "org.eclipse.debug.ui.PHPDebugOutput" id and the "Debug Output" label.It points to the non available "bundleclass://org.eclipse.ui.workbench/org.eclipse.ui.internal.e4.compatibility.CompatibilityView" class. Bundle might have been uninstalled

!ENTRY org.eclipse.e4.ui.workbench 2 0 2023-04-29 21:45:36.398
!MESSAGE Removing PartDescriptorImpl with the "org.eclipse.debug.ui.PHPBrowserOutput" id and the "Browser Output" label.It points to the non available "bundleclass://org.eclipse.ui.workbench/org.eclipse.ui.internal.e4.compatibility.CompatibilityView" class. Bundle might have been uninstalled

!ENTRY org.eclipse.e4.ui.workbench 2 0 2023-04-29 21:45:36.400
!MESSAGE Removing PartDescriptorImpl with the "org.eclipse.php.debug.ui.CodeCoverageView" id and the "Code Coverage" label.It points to the non available "bundleclass://org.eclipse.ui.workbench/org.eclipse.ui.internal.e4.compatibility.CompatibilityView" class. Bundle might have been uninstalled

!ENTRY org.eclipse.e4.ui.workbench 2 0 2023-04-29 21:45:36.401
!MESSAGE Removing PartDescriptorImpl with the "org.eclipse.php.phpunit.PHPUnitView" id and the "PHPUnit" label.It points to the non available "bundleclass://org.eclipse.ui.workbench/org.eclipse.ui.internal.e4.compatibility.CompatibilityView" class. Bundle might have been uninstalled

!ENTRY org.eclipse.e4.ui.workbench 2 0 2023-04-29 21:45:36.402
!MESSAGE Removing PartDescriptorImpl with the "org.eclipse.php.profile.ui.views.ExecutionStatisticsView" id and the "Execution Statistics" label.It points to the non available "bundleclass://org.eclipse.ui.workbench/org.eclipse.ui.internal.e4.compatibility.CompatibilityView" class. Bundle might have been uninstalled

!ENTRY org.eclipse.e4.ui.workbench 2 0 2023-04-29 21:45:36.405
!MESSAGE Removing PartDescriptorImpl with the "org.eclipse.php.profile.ui.views.ProfilingMonitorView" id and the "Profiling Monitor" label.It points to the non available "bundleclass://org.eclipse.ui.workbench/org.eclipse.ui.internal.e4.compatibility.CompatibilityView" class. Bundle might have been uninstalled

!ENTRY org.eclipse.e4.ui.workbench 2 0 2023-04-29 21:45:36.406
!MESSAGE Removing PartDescriptorImpl with the "org.eclipse.php.profile.ui.views.ProfilerInformationView" id and the "Profiler Information" label.It points to the non available "bundleclass://org.eclipse.ui.workbench/org.eclipse.ui.internal.e4.compatibility.CompatibilityView" class. Bundle might have been uninstalled

!ENTRY org.eclipse.e4.ui.workbench 2 0 2023-04-29 21:45:36.408
!MESSAGE Removing PartDescriptorImpl with the "org.eclipse.php.profile.ui.views.CodeCoverageSummaryView" id and the "Code Coverage Summary" label.It points to the non available "bundleclass://org.eclipse.ui.workbench/org.eclipse.ui.internal.e4.compatibility.CompatibilityView" class. Bundle might have been uninstalled

!ENTRY org.eclipse.e4.ui.workbench 2 0 2023-04-29 21:45:36.409
!MESSAGE Removing PartDescriptorImpl with the "org.eclipse.php.profile.ui.views.ExecutionFlowView" id and the "Execution Flow" label.It points to the non available "bundleclass://org.eclipse.ui.workbench/org.eclipse.ui.internal.e4.compatibility.CompatibilityView" class. Bundle might have been uninstalled

!ENTRY org.eclipse.e4.ui.workbench 2 0 2023-04-29 21:45:36.411
!MESSAGE Removing PartDescriptorImpl with the "org.eclipse.php.profile.ui.views.FunctionInvocationStatisticsView" id and the "Function Invocation Statistics" label.It points to the non available "bundleclass://org.eclipse.ui.workbench/org.eclipse.ui.internal.e4.compatibility.CompatibilityView" class. Bundle might have been uninstalled

!ENTRY org.eclipse.e4.ui.workbench 2 0 2023-04-29 21:45:36.414
!MESSAGE Removing PartDescriptorImpl with the "org.eclipse.php.ui.functions" id and the "PHP Functions" label.It points to the non available "bundleclass://org.eclipse.ui.workbench/org.eclipse.ui.internal.e4.compatibility.CompatibilityView" class. Bundle might have been uninstalled

!ENTRY org.eclipse.e4.ui.workbench 2 0 2023-04-29 21:45:36.415
!MESSAGE Removing PartDescriptorImpl with the "org.eclipse.php.ui.projectOutline" id and the "PHP Project Outline" label.It points to the non available "bundleclass://org.eclipse.ui.workbench/org.eclipse.ui.internal.e4.compatibility.CompatibilityView" class. Bundle might have been uninstalled

!ENTRY org.eclipse.e4.ui.workbench 2 0 2023-04-29 21:45:36.417
!MESSAGE Removing PartDescriptorImpl with the "org.eclipse.ptp.rdt.sync.ui.SyncMergeFileTableViewer" id and the "Synchronized Merge View" label.It points to the non available "bundleclass://org.eclipse.ui.workbench/org.eclipse.ui.internal.e4.compatibility.CompatibilityView" class. Bundle might have been uninstalled

!ENTRY org.eclipse.e4.ui.workbench 2 0 2023-04-29 21:45:36.418
!MESSAGE Removing PartDescriptorImpl with the "org.eclipse.remote.ui.view.connections" id and the "Connections" label.It points to the non available "bundleclass://org.eclipse.ui.workbench/org.eclipse.ui.internal.e4.compatibility.CompatibilityView" class. Bundle might have been uninstalled

!ENTRY org.eclipse.e4.ui.workbench 2 0 2023-04-29 21:45:36.420
!MESSAGE Removing PartDescriptorImpl with the "org.eclipse.tcf.te.tcf.ui.views.scriptpad" id and the "Script Pad" label.It points to the non available "bundleclass://org.eclipse.ui.workbench/org.eclipse.ui.internal.e4.compatibility.CompatibilityView" class. Bundle might have been uninstalled

!ENTRY org.eclipse.e4.ui.workbench 2 0 2023-04-29 21:45:36.421
!MESSAGE Removing PartDescriptorImpl with the "org.eclipse.tcf.te.ui.views.View" id and the "System Management" label.It points to the non available "bundleclass://org.eclipse.ui.workbench/org.eclipse.ui.internal.e4.compatibility.CompatibilityView" class. Bundle might have been uninstalled

!ENTRY org.eclipse.e4.ui.workbench 2 0 2023-04-29 21:45:36.429
!MESSAGE Removing PartDescriptorImpl with the "org.eclipse.wst.xml.views.XPathView" id and the "XPath" label.It points to the non available "bundleclass://org.eclipse.ui.workbench/org.eclipse.ui.internal.e4.compatibility.CompatibilityView" class. Bundle might have been uninstalled

!ENTRY org.eclipse.e4.ui.workbench 2 0 2023-04-29 21:45:36.431
!MESSAGE Removing PartDescriptorImpl with the "org.eclipse.wst.xsl.jaxp.debug.ui.resultview" id and the "Result" label.It points to the non available "bundleclass://org.eclipse.ui.workbench/org.eclipse.ui.internal.e4.compatibility.CompatibilityView" class. Bundle might have been uninstalled

!ENTRY org.eclipse.e4.ui.workbench 2 0 2023-04-29 21:45:36.432
!MESSAGE Removing PartDescriptorImpl with the "org.eclipse.wst.xsl.ui.view.outline" id and the "Stylesheet Model" label.It points to the non available "bundleclass://org.eclipse.ui.workbench/org.eclipse.ui.internal.e4.compatibility.CompatibilityView" class. Bundle might have been uninstalled

!ENTRY org.eclipse.e4.ui.workbench 2 0 2023-04-29 21:45:36.434
!MESSAGE Removing PartDescriptorImpl with the "org.eclipse.xtend.ide.view.DerivedSourceView" id and the "Generated Code" label.It points to the non available "bundleclass://org.eclipse.ui.workbench/org.eclipse.ui.internal.e4.compatibility.CompatibilityView" class. Bundle might have been uninstalled
!SESSION 2023-04-29 21:49:14.368 -----------------------------------------------
eclipse.buildId=4.18.0.202303131455
java.version=19.0.1
java.vendor=Eclipse Adoptium
BootLoader constants: OS=win32, ARCH=x86_64, WS=win32, NL=en_IN
Framework arguments:  -product org.springframework.boot.ide.branding.sts4
Command-line arguments:  -os win32 -ws win32 -arch x86_64 -product org.springframework.boot.ide.branding.sts4

!ENTRY ch.qos.logback.classic 1 0 2023-04-29 21:49:15.765
!MESSAGE Activated before the state location was initialized. Retry after the state location is initialized.

!ENTRY ch.qos.logback.classic 1 0 2023-04-29 21:49:16.701
!MESSAGE Logback config file: C:\Users\Kdpat\OneDrive\Desktop\Servlet3apr\.metadata\.plugins\org.eclipse.m2e.logback\logback.2.1.100.20230106-1511.xml

!ENTRY org.eclipse.jface 2 0 2023-04-29 21:49:18.579
!MESSAGE Keybinding conflicts occurred.  They may interfere with normal accelerator operation.
!SUBENTRY 1 org.eclipse.jface 2 0 2023-04-29 21:49:18.579
!MESSAGE A conflict occurred for CTRL+SHIFT+T:
Binding(CTRL+SHIFT+T,
	ParameterizedCommand(Command(org.eclipse.jdt.ui.navigate.open.type,Open Type,
		Open a type in a Java editor,
		Category(org.eclipse.ui.category.navigate,Navigate,null,true),
		WorkbenchHandlerServiceHandler("org.eclipse.jdt.ui.navigate.open.type"),
		,,true),null),
	org.eclipse.ui.defaultAcceleratorConfiguration,
	org.eclipse.ui.contexts.window,,,system)
Binding(CTRL+SHIFT+T,
	ParameterizedCommand(Command(org.eclipse.lsp4e.symbolinworkspace,Go to Symbol in Workspace,
		,
		Category(org.eclipse.lsp4e.category,Language Servers,null,true),
		WorkbenchHandlerServiceHandler("org.eclipse.lsp4e.symbolinworkspace"),
		,,true),null),
	org.eclipse.ui.defaultAcceleratorConfiguration,
	org.eclipse.ui.contexts.window,,,system)
!SUBENTRY 1 org.eclipse.jface 2 0 2023-04-29 21:49:18.579
!MESSAGE A conflict occurred for ALT+SHIFT+R:
Binding(ALT+SHIFT+R,
	ParameterizedCommand(Command(org.eclipse.jdt.ui.edit.text.java.rename.element,Rename - Refactoring ,
		Rename the selected element,
		Category(org.eclipse.jdt.ui.category.refactoring,Refactor - Java,Java Refactoring Actions,true),
		WorkbenchHandlerServiceHandler("org.eclipse.jdt.ui.edit.text.java.rename.element"),
		,,true),null),
	org.eclipse.ui.defaultAcceleratorConfiguration,
	org.eclipse.ui.contexts.window,,,system)
Binding(ALT+SHIFT+R,
	ParameterizedCommand(Command(org.eclipse.ui.edit.rename,Rename,
		Rename the selected item,
		Category(org.eclipse.ui.category.file,File,null,true),
		WorkbenchHandlerServiceHandler("org.eclipse.ui.edit.rename"),
		,,true),null),
	org.eclipse.ui.defaultAcceleratorConfiguration,
	org.eclipse.ui.contexts.window,,,system)

!ENTRY org.eclipse.ui 4 4 2023-04-29 21:49:20.433
!MESSAGE Unable to create part
!STACK 1
org.eclipse.ui.PartInitException: Cannot invoke "org.eclipse.ui.intro.IIntroPart.getTitle()" because "this.introPart" is null
	at org.eclipse.ui.internal.e4.compatibility.CompatibilityPart.create(CompatibilityPart.java:350)
	at java.base/jdk.internal.reflect.DirectMethodHandleAccessor.invoke(DirectMethodHandleAccessor.java:104)
	at java.base/java.lang.reflect.Method.invoke(Method.java:578)
	at org.eclipse.e4.core.internal.di.MethodRequestor.execute(MethodRequestor.java:58)
	at org.eclipse.e4.core.internal.di.InjectorImpl.processAnnotated(InjectorImpl.java:995)
	at org.eclipse.e4.core.internal.di.InjectorImpl.processAnnotated(InjectorImpl.java:960)
	at org.eclipse.e4.core.internal.di.InjectorImpl.internalInject(InjectorImpl.java:140)
	at org.eclipse.e4.core.internal.di.InjectorImpl.internalMake(InjectorImpl.java:403)
	at org.eclipse.e4.core.internal.di.InjectorImpl.make(InjectorImpl.java:330)
	at org.eclipse.e4.core.contexts.ContextInjectionFactory.make(ContextInjectionFactory.java:202)
	at org.eclipse.e4.ui.internal.workbench.ReflectionContributionFactory.createFromBundle(ReflectionContributionFactory.java:91)
	at org.eclipse.e4.ui.internal.workbench.ReflectionContributionFactory.doCreate(ReflectionContributionFactory.java:60)
	at org.eclipse.e4.ui.internal.workbench.ReflectionContributionFactory.create(ReflectionContributionFactory.java:42)
	at org.eclipse.e4.ui.workbench.renderers.swt.ContributedPartRenderer.createWidget(ContributedPartRenderer.java:132)
	at org.eclipse.e4.ui.internal.workbench.swt.PartRenderingEngine.createWidget(PartRenderingEngine.java:995)
	at org.eclipse.e4.ui.internal.workbench.swt.PartRenderingEngine.safeCreateGui(PartRenderingEngine.java:659)
	at org.eclipse.e4.ui.internal.workbench.swt.PartRenderingEngine$1.run(PartRenderingEngine.java:544)
	at org.eclipse.core.runtime.SafeRunner.run(SafeRunner.java:45)
	at org.eclipse.e4.ui.internal.workbench.swt.PartRenderingEngine.createGui(PartRenderingEngine.java:528)
	at org.eclipse.e4.ui.workbench.renderers.swt.ElementReferenceRenderer.createWidget(ElementReferenceRenderer.java:73)
	at org.eclipse.e4.ui.internal.workbench.swt.PartRenderingEngine.createWidget(PartRenderingEngine.java:995)
	at org.eclipse.e4.ui.internal.workbench.swt.PartRenderingEngine.safeCreateGui(PartRenderingEngine.java:659)
	at org.eclipse.e4.ui.internal.workbench.swt.PartRenderingEngine.safeCreateGui(PartRenderingEngine.java:763)
	at org.eclipse.e4.ui.internal.workbench.swt.PartRenderingEngine$2.run(PartRenderingEngine.java:728)
	at org.eclipse.core.runtime.SafeRunner.run(SafeRunner.java:45)
	at org.eclipse.e4.ui.internal.workbench.swt.PartRenderingEngine.createGui(PartRenderingEngine.java:712)
	at org.eclipse.e4.ui.workbench.renderers.swt.StackRenderer.showTab(StackRenderer.java:1208)
	at org.eclipse.e4.ui.workbench.renderers.swt.LazyStackRenderer.postProcess(LazyStackRenderer.java:116)
	at org.eclipse.e4.ui.internal.workbench.swt.PartRenderingEngine.safeCreateGui(PartRenderingEngine.java:677)
	at org.eclipse.e4.ui.internal.workbench.swt.PartRenderingEngine.safeCreateGui(PartRenderingEngine.java:763)
	at org.eclipse.e4.ui.internal.workbench.swt.PartRenderingEngine$2.run(PartRenderingEngine.java:728)
	at org.eclipse.core.runtime.SafeRunner.run(SafeRunner.java:45)
	at org.eclipse.e4.ui.internal.workbench.swt.PartRenderingEngine.createGui(PartRenderingEngine.java:712)
	at org.eclipse.e4.ui.workbench.renderers.swt.SWTPartRenderer.processContents(SWTPartRenderer.java:72)
	at org.eclipse.e4.ui.workbench.renderers.swt.SashRenderer.processContents(SashRenderer.java:150)
	at org.eclipse.e4.ui.internal.workbench.swt.PartRenderingEngine.safeCreateGui(PartRenderingEngine.java:673)
	at org.eclipse.e4.ui.internal.workbench.swt.PartRenderingEngine.safeCreateGui(PartRenderingEngine.java:763)
	at org.eclipse.e4.ui.internal.workbench.swt.PartRenderingEngine$2.run(PartRenderingEngine.java:728)
	at org.eclipse.core.runtime.SafeRunner.run(SafeRunner.java:45)
	at org.eclipse.e4.ui.internal.workbench.swt.PartRenderingEngine.createGui(PartRenderingEngine.java:712)
	at org.eclipse.e4.ui.workbench.renderers.swt.SWTPartRenderer.processContents(SWTPartRenderer.java:72)
	at org.eclipse.e4.ui.workbench.renderers.swt.WBWRenderer.processContents(WBWRenderer.java:658)
	at org.eclipse.e4.ui.internal.workbench.swt.PartRenderingEngine.safeCreateGui(PartRenderingEngine.java:673)
	at org.eclipse.e4.ui.internal.workbench.swt.PartRenderingEngine.safeCreateGui(PartRenderingEngine.java:763)
	at org.eclipse.e4.ui.internal.workbench.swt.PartRenderingEngine$2.run(PartRenderingEngine.java:728)
	at org.eclipse.core.runtime.SafeRunner.run(SafeRunner.java:45)
	at org.eclipse.e4.ui.internal.workbench.swt.PartRenderingEngine.createGui(PartRenderingEngine.java:712)
	at org.eclipse.e4.ui.internal.workbench.swt.PartRenderingEngine$5.run(PartRenderingEngine.java:1083)
	at org.eclipse.core.databinding.observable.Realm.runWithDefault(Realm.java:338)
	at org.eclipse.e4.ui.internal.workbench.swt.PartRenderingEngine.run(PartRenderingEngine.java:1046)
	at org.eclipse.e4.ui.internal.workbench.E4Workbench.createAndRunUI(E4Workbench.java:155)
	at org.eclipse.ui.internal.Workbench.lambda$3(Workbench.java:643)
	at org.eclipse.core.databinding.observable.Realm.runWithDefault(Realm.java:338)
	at org.eclipse.ui.internal.Workbench.createAndRunWorkbench(Workbench.java:550)
	at org.eclipse.ui.PlatformUI.createAndRunWorkbench(PlatformUI.java:171)
	at org.eclipse.ui.internal.ide.application.IDEApplication.start(IDEApplication.java:152)
	at org.eclipse.equinox.internal.app.EclipseAppHandle.run(EclipseAppHandle.java:203)
	at org.eclipse.core.runtime.internal.adaptor.EclipseAppLauncher.runApplication(EclipseAppLauncher.java:136)
	at org.eclipse.core.runtime.internal.adaptor.EclipseAppLauncher.start(EclipseAppLauncher.java:104)
	at org.eclipse.core.runtime.adaptor.EclipseStarter.run(EclipseStarter.java:402)
	at org.eclipse.core.runtime.adaptor.EclipseStarter.run(EclipseStarter.java:255)
	at java.base/jdk.internal.reflect.DirectMethodHandleAccessor.invoke(DirectMethodHandleAccessor.java:104)
	at java.base/java.lang.reflect.Method.invoke(Method.java:578)
	at org.eclipse.equinox.launcher.Main.invokeFramework(Main.java:659)
	at org.eclipse.equinox.launcher.Main.basicRun(Main.java:596)
	at org.eclipse.equinox.launcher.Main.run(Main.java:1467)
Caused by: java.lang.NullPointerException: Cannot invoke "org.eclipse.ui.intro.IIntroPart.getTitle()" because "this.introPart" is null
	at org.eclipse.ui.internal.ViewIntroAdapterPart.init(ViewIntroAdapterPart.java:180)
	at org.eclipse.ui.internal.ViewReference.initialize(ViewReference.java:129)
	at org.eclipse.ui.internal.e4.compatibility.CompatibilityPart.create(CompatibilityPart.java:344)
	... 65 more
!SUBENTRY 1 org.eclipse.ui 4 0 2023-04-29 21:49:20.434
!MESSAGE Cannot invoke "org.eclipse.ui.intro.IIntroPart.getTitle()" because "this.introPart" is null
!STACK 0
java.lang.NullPointerException: Cannot invoke "org.eclipse.ui.intro.IIntroPart.getTitle()" because "this.introPart" is null
	at org.eclipse.ui.internal.ViewIntroAdapterPart.init(ViewIntroAdapterPart.java:180)
	at org.eclipse.ui.internal.ViewReference.initialize(ViewReference.java:129)
	at org.eclipse.ui.internal.e4.compatibility.CompatibilityPart.create(CompatibilityPart.java:344)
	at java.base/jdk.internal.reflect.DirectMethodHandleAccessor.invoke(DirectMethodHandleAccessor.java:104)
	at java.base/java.lang.reflect.Method.invoke(Method.java:578)
	at org.eclipse.e4.core.internal.di.MethodRequestor.execute(MethodRequestor.java:58)
	at org.eclipse.e4.core.internal.di.InjectorImpl.processAnnotated(InjectorImpl.java:995)
	at org.eclipse.e4.core.internal.di.InjectorImpl.processAnnotated(InjectorImpl.java:960)
	at org.eclipse.e4.core.internal.di.InjectorImpl.internalInject(InjectorImpl.java:140)
	at org.eclipse.e4.core.internal.di.InjectorImpl.internalMake(InjectorImpl.java:403)
	at org.eclipse.e4.core.internal.di.InjectorImpl.make(InjectorImpl.java:330)
	at org.eclipse.e4.core.contexts.ContextInjectionFactory.make(ContextInjectionFactory.java:202)
	at org.eclipse.e4.ui.internal.workbench.ReflectionContributionFactory.createFromBundle(ReflectionContributionFactory.java:91)
	at org.eclipse.e4.ui.internal.workbench.ReflectionContributionFactory.doCreate(ReflectionContributionFactory.java:60)
	at org.eclipse.e4.ui.internal.workbench.ReflectionContributionFactory.create(ReflectionContributionFactory.java:42)
	at org.eclipse.e4.ui.workbench.renderers.swt.ContributedPartRenderer.createWidget(ContributedPartRenderer.java:132)
	at org.eclipse.e4.ui.internal.workbench.swt.PartRenderingEngine.createWidget(PartRenderingEngine.java:995)
	at org.eclipse.e4.ui.internal.workbench.swt.PartRenderingEngine.safeCreateGui(PartRenderingEngine.java:659)
	at org.eclipse.e4.ui.internal.workbench.swt.PartRenderingEngine$1.run(PartRenderingEngine.java:544)
	at org.eclipse.core.runtime.SafeRunner.run(SafeRunner.java:45)
	at org.eclipse.e4.ui.internal.workbench.swt.PartRenderingEngine.createGui(PartRenderingEngine.java:528)
	at org.eclipse.e4.ui.workbench.renderers.swt.ElementReferenceRenderer.createWidget(ElementReferenceRenderer.java:73)
	at org.eclipse.e4.ui.internal.workbench.swt.PartRenderingEngine.createWidget(PartRenderingEngine.java:995)
	at org.eclipse.e4.ui.internal.workbench.swt.PartRenderingEngine.safeCreateGui(PartRenderingEngine.java:659)
	at org.eclipse.e4.ui.internal.workbench.swt.PartRenderingEngine.safeCreateGui(PartRenderingEngine.java:763)
	at org.eclipse.e4.ui.internal.workbench.swt.PartRenderingEngine$2.run(PartRenderingEngine.java:728)
	at org.eclipse.core.runtime.SafeRunner.run(SafeRunner.java:45)
	at org.eclipse.e4.ui.internal.workbench.swt.PartRenderingEngine.createGui(PartRenderingEngine.java:712)
	at org.eclipse.e4.ui.workbench.renderers.swt.StackRenderer.showTab(StackRenderer.java:1208)
	at org.eclipse.e4.ui.workbench.renderers.swt.LazyStackRenderer.postProcess(LazyStackRenderer.java:116)
	at org.eclipse.e4.ui.internal.workbench.swt.PartRenderingEngine.safeCreateGui(PartRenderingEngine.java:677)
	at org.eclipse.e4.ui.internal.workbench.swt.PartRenderingEngine.safeCreateGui(PartRenderingEngine.java:763)
	at org.eclipse.e4.ui.internal.workbench.swt.PartRenderingEngine$2.run(PartRenderingEngine.java:728)
	at org.eclipse.core.runtime.SafeRunner.run(SafeRunner.java:45)
	at org.eclipse.e4.ui.internal.workbench.swt.PartRenderingEngine.createGui(PartRenderingEngine.java:712)
	at org.eclipse.e4.ui.workbench.renderers.swt.SWTPartRenderer.processContents(SWTPartRenderer.java:72)
	at org.eclipse.e4.ui.workbench.renderers.swt.SashRenderer.processContents(SashRenderer.java:150)
	at org.eclipse.e4.ui.internal.workbench.swt.PartRenderingEngine.safeCreateGui(PartRenderingEngine.java:673)
	at org.eclipse.e4.ui.internal.workbench.swt.PartRenderingEngine.safeCreateGui(PartRenderingEngine.java:763)
	at org.eclipse.e4.ui.internal.workbench.swt.PartRenderingEngine$2.run(PartRenderingEngine.java:728)
	at org.eclipse.core.runtime.SafeRunner.run(SafeRunner.java:45)
	at org.eclipse.e4.ui.internal.workbench.swt.PartRenderingEngine.createGui(PartRenderingEngine.java:712)
	at org.eclipse.e4.ui.workbench.renderers.swt.SWTPartRenderer.processContents(SWTPartRenderer.java:72)
	at org.eclipse.e4.ui.workbench.renderers.swt.WBWRenderer.processContents(WBWRenderer.java:658)
	at org.eclipse.e4.ui.internal.workbench.swt.PartRenderingEngine.safeCreateGui(PartRenderingEngine.java:673)
	at org.eclipse.e4.ui.internal.workbench.swt.PartRenderingEngine.safeCreateGui(PartRenderingEngine.java:763)
	at org.eclipse.e4.ui.internal.workbench.swt.PartRenderingEngine$2.run(PartRenderingEngine.java:728)
	at org.eclipse.core.runtime.SafeRunner.run(SafeRunner.java:45)
	at org.eclipse.e4.ui.internal.workbench.swt.PartRenderingEngine.createGui(PartRenderingEngine.java:712)
	at org.eclipse.e4.ui.internal.workbench.swt.PartRenderingEngine$5.run(PartRenderingEngine.java:1083)
	at org.eclipse.core.databinding.observable.Realm.runWithDefault(Realm.java:338)
	at org.eclipse.e4.ui.internal.workbench.swt.PartRenderingEngine.run(PartRenderingEngine.java:1046)
	at org.eclipse.e4.ui.internal.workbench.E4Workbench.createAndRunUI(E4Workbench.java:155)
	at org.eclipse.ui.internal.Workbench.lambda$3(Workbench.java:643)
	at org.eclipse.core.databinding.observable.Realm.runWithDefault(Realm.java:338)
	at org.eclipse.ui.internal.Workbench.createAndRunWorkbench(Workbench.java:550)
	at org.eclipse.ui.PlatformUI.createAndRunWorkbench(PlatformUI.java:171)
	at org.eclipse.ui.internal.ide.application.IDEApplication.start(IDEApplication.java:152)
	at org.eclipse.equinox.internal.app.EclipseAppHandle.run(EclipseAppHandle.java:203)
	at org.eclipse.core.runtime.internal.adaptor.EclipseAppLauncher.runApplication(EclipseAppLauncher.java:136)
	at org.eclipse.core.runtime.internal.adaptor.EclipseAppLauncher.start(EclipseAppLauncher.java:104)
	at org.eclipse.core.runtime.adaptor.EclipseStarter.run(EclipseStarter.java:402)
	at org.eclipse.core.runtime.adaptor.EclipseStarter.run(EclipseStarter.java:255)
	at java.base/jdk.internal.reflect.DirectMethodHandleAccessor.invoke(DirectMethodHandleAccessor.java:104)
	at java.base/java.lang.reflect.Method.invoke(Method.java:578)
	at org.eclipse.equinox.launcher.Main.invokeFramework(Main.java:659)
	at org.eclipse.equinox.launcher.Main.basicRun(Main.java:596)
	at org.eclipse.equinox.launcher.Main.run(Main.java:1467)

!ENTRY org.eclipse.egit.ui 2 0 2023-04-29 21:49:20.761
!MESSAGE Warning: The environment variable HOME is not set. The following directory will be used to store the Git
user global configuration and to define the default location to store repositories: 'C:\Users\Kdpat'. If this is
not correct please set the HOME environment variable and restart Eclipse. Otherwise Git for Windows and
EGit might behave differently since they see different configuration options.
This warning can be switched off on the Team > Git > Confirmations and Warnings preference page.

!ENTRY org.eclipse.jface 2 0 2023-04-29 21:49:55.867
!MESSAGE Keybinding conflicts occurred.  They may interfere with normal accelerator operation.
!SUBENTRY 1 org.eclipse.jface 2 0 2023-04-29 21:49:55.868
!MESSAGE A conflict occurred for CTRL+SHIFT+C:
Binding(CTRL+SHIFT+C,
	ParameterizedCommand(Command(org.eclipse.tm4e.languageconfiguration.toggleLineCommentCommand,Toggle Line Comment,
		,
		Category(org.eclipse.tm4e.languageconfiguration.category,TM4E Language Configuration,null,true),
		WorkbenchHandlerServiceHandler("org.eclipse.tm4e.languageconfiguration.toggleLineCommentCommand"),
		,,true),null),
	org.eclipse.ui.defaultAcceleratorConfiguration,
	org.eclipse.ui.textEditorScope,,,system)
Binding(CTRL+SHIFT+C,
	ParameterizedCommand(Command(org.springframework.tooling.boot.ls.ToggleComment,Toggle Comment,
		,
		Category(org.springframework.ide.eclipse.commands,Spring Generic Text Editor,Spring Language Server Commands,true),
		WorkbenchHandlerServiceHandler("org.springframework.tooling.boot.ls.ToggleComment"),
		,,true),null),
	org.eclipse.ui.defaultAcceleratorConfiguration,
	org.eclipse.ui.textEditorScope,,,system)
!SESSION 2023-04-29 21:59:12.318 -----------------------------------------------
eclipse.buildId=4.26.0.20221201-1200
java.version=17.0.6
java.vendor=Eclipse Adoptium
BootLoader constants: OS=win32, ARCH=x86_64, WS=win32, NL=en_IN
Framework arguments:  -product org.eclipse.epp.package.java.product
Command-line arguments:  -os win32 -ws win32 -arch x86_64 -product org.eclipse.epp.package.java.product

!ENTRY ch.qos.logback.classic 1 0 2023-04-29 21:59:15.168
!MESSAGE Activated before the state location was initialized. Retry after the state location is initialized.

!ENTRY ch.qos.logback.classic 1 0 2023-04-29 21:59:26.713
!MESSAGE Logback config file: C:\Users\Kdpat\OneDrive\Desktop\Servlet3apr\.metadata\.plugins\org.eclipse.m2e.logback\logback.2.1.0.20221015-0744.xml

!ENTRY org.eclipse.jface 2 0 2023-04-29 22:00:09.627
!MESSAGE Keybinding conflicts occurred.  They may interfere with normal accelerator operation.
!SUBENTRY 1 org.eclipse.jface 2 0 2023-04-29 22:00:09.627
!MESSAGE A conflict occurred for CTRL+SHIFT+F11:
Binding(CTRL+SHIFT+F11,
	ParameterizedCommand(Command(org.eclipse.eclemma.ui.commands.CoverageLast,Coverage,
		Coverage,
		Category(org.eclipse.debug.ui.category.run,Run/Debug,Run/Debug command category,true),
		WorkbenchHandlerServiceHandler("org.eclipse.eclemma.ui.commands.CoverageLast"),
		,,true),null),
	org.eclipse.ui.defaultAcceleratorConfiguration,
	org.eclipse.ui.contexts.window,,,system)
Binding(CTRL+SHIFT+F11,
	ParameterizedCommand(Command(org.eclipse.tcf.te.tcf.ui.toolbar.command.historyLast,Execute Last Action,
		,
		Category(org.eclipse.tcf.te.ui.commands.category,Target Explorer Commands,null,true),
		WorkbenchHandlerServiceHandler("org.eclipse.tcf.te.tcf.ui.toolbar.command.historyLast"),
		,,true),null),
	org.eclipse.ui.defaultAcceleratorConfiguration,
	org.eclipse.ui.contexts.window,,win32,system)
!SUBENTRY 1 org.eclipse.jface 2 0 2023-04-29 22:00:09.627
!MESSAGE A conflict occurred for CTRL+SHIFT+T:
Binding(CTRL+SHIFT+T,
	ParameterizedCommand(Command(org.eclipse.jdt.ui.navigate.open.type,Open Type,
		Open a type in a Java editor,
		Category(org.eclipse.ui.category.navigate,Navigate,null,true),
		WorkbenchHandlerServiceHandler("org.eclipse.jdt.ui.navigate.open.type"),
		,,true),null),
	org.eclipse.ui.defaultAcceleratorConfiguration,
	org.eclipse.ui.contexts.window,,,system)
Binding(CTRL+SHIFT+T,
	ParameterizedCommand(Command(org.eclipse.lsp4e.symbolinworkspace,Go to Symbol in Workspace,
		,
		Category(org.eclipse.lsp4e.category,Language Servers,null,true),
		WorkbenchHandlerServiceHandler("org.eclipse.lsp4e.symbolinworkspace"),
		,,true),null),
	org.eclipse.ui.defaultAcceleratorConfiguration,
	org.eclipse.ui.contexts.window,,,system)
!SUBENTRY 1 org.eclipse.jface 2 0 2023-04-29 22:00:09.627
!MESSAGE A conflict occurred for ALT+SHIFT+X R:
Binding(ALT+SHIFT+X R,
	ParameterizedCommand(Command(org.eclipse.rap.tools.launch.RAPLaunchShortcut.run,Run RAP Application,
		Run RAP Application,
		Category(org.eclipse.debug.ui.category.run,Run/Debug,Run/Debug command category,true),
		WorkbenchHandlerServiceHandler("org.eclipse.rap.tools.launch.RAPLaunchShortcut.run"),
		,,true),null),
	org.eclipse.ui.defaultAcceleratorConfiguration,
	org.eclipse.ui.contexts.window,,,system)
Binding(ALT+SHIFT+X R,
	ParameterizedCommand(Command(org.eclipse.wst.server.launchShortcut.run,Run on Server,
		Run the current selection on a server,
		Category(org.eclipse.debug.ui.category.run,Run/Debug,Run/Debug command category,true),
		WorkbenchHandlerServiceHandler("org.eclipse.wst.server.launchShortcut.run"),
		,,true),null),
	org.eclipse.ui.defaultAcceleratorConfiguration,
	org.eclipse.ui.contexts.window,,,system)
!SUBENTRY 1 org.eclipse.jface 2 0 2023-04-29 22:00:09.627
!MESSAGE A conflict occurred for ALT+SHIFT+R:
Binding(ALT+SHIFT+R,
	ParameterizedCommand(Command(org.eclipse.jdt.ui.edit.text.java.rename.element,Rename - Refactoring ,
		Rename the selected element,
		Category(org.eclipse.jdt.ui.category.refactoring,Refactor - Java,Java Refactoring Actions,true),
		WorkbenchHandlerServiceHandler("org.eclipse.jdt.ui.edit.text.java.rename.element"),
		,,true),null),
	org.eclipse.ui.defaultAcceleratorConfiguration,
	org.eclipse.ui.contexts.window,,,system)
Binding(ALT+SHIFT+R,
	ParameterizedCommand(Command(org.eclipse.ui.edit.rename,Rename,
		Rename the selected item,
		Category(org.eclipse.ui.category.file,File,null,true),
		WorkbenchHandlerServiceHandler("org.eclipse.ui.edit.rename"),
		,,true),null),
	org.eclipse.ui.defaultAcceleratorConfiguration,
	org.eclipse.ui.contexts.window,,,system)
!SUBENTRY 1 org.eclipse.jface 2 0 2023-04-29 22:00:09.627
!MESSAGE A conflict occurred for ALT+SHIFT+D R:
Binding(ALT+SHIFT+D R,
	ParameterizedCommand(Command(org.eclipse.rap.tools.launch.RAPLaunchShortcut.debug,Debug RAP Application,
		Debug RAP Application,
		Category(org.eclipse.debug.ui.category.run,Run/Debug,Run/Debug command category,true),
		WorkbenchHandlerServiceHandler("org.eclipse.rap.tools.launch.RAPLaunchShortcut.debug"),
		,,true),null),
	org.eclipse.ui.defaultAcceleratorConfiguration,
	org.eclipse.ui.contexts.window,,,system)
Binding(ALT+SHIFT+D R,
	ParameterizedCommand(Command(org.eclipse.wst.server.launchShortcut.debug,Debug on Server,
		Debug the current selection on a server,
		Category(org.eclipse.debug.ui.category.run,Run/Debug,Run/Debug command category,true),
		WorkbenchHandlerServiceHandler("org.eclipse.wst.server.launchShortcut.debug"),
		,,true),null),
	org.eclipse.ui.defaultAcceleratorConfiguration,
	org.eclipse.ui.contexts.window,,,system)

!ENTRY org.eclipse.e4.ui.workbench 2 0 2023-04-29 22:00:16.127
!MESSAGE Removing PartDescriptorImpl with the "org.eclipse.pde.spy.preferences.parts.PreferenceSpyPart" id and the "Preference Spy" label.It points to the non available "bundleclass://org.eclipse.pde.spy.preferences/org.eclipse.pde.spy.preferences.parts.PreferenceSpyPart" class. Bundle might have been uninstalled

!ENTRY org.eclipse.e4.ui.workbench 2 0 2023-04-29 22:00:16.130
!MESSAGE Removing PartDescriptorImpl with the "org.eclipse.pde.spy.bundle.BundleSpyPart" id and the "Bundle Spy" label.It points to the non available "bundleclass://org.eclipse.pde.spy.bundle/org.eclipse.pde.spy.bundle.BundleSpyPart" class. Bundle might have been uninstalled

!ENTRY org.eclipse.e4.ui.workbench 2 0 2023-04-29 22:00:16.135
!MESSAGE Removing PartDescriptorImpl with the "org.eclipse.pde.spy.context.ContextSpyPart" id and the "Context Spy" label.It points to the non available "bundleclass://org.eclipse.pde.spy.context/org.eclipse.pde.spy.context.ContextSpyPart" class. Bundle might have been uninstalled

!ENTRY org.eclipse.e4.ui.workbench 2 0 2023-04-29 22:00:16.139
!MESSAGE Removing PartDescriptorImpl with the "org.eclipse.pde.spy.css.CssSpyPart" id and the "CSS Spy" label.It points to the non available "bundleclass://org.eclipse.pde.spy.css/org.eclipse.pde.spy.css.CssSpyPart" class. Bundle might have been uninstalled

!ENTRY org.eclipse.e4.ui.workbench 2 0 2023-04-29 22:00:16.144
!MESSAGE Removing PartDescriptorImpl with the "org.eclipse.pde.spy.css.CSSScratchPadPart" id and the "CSS Scratch Pad" label.It points to the non available "bundleclass://org.eclipse.pde.spy.css/org.eclipse.pde.spy.css.CSSScratchPadPart" class. Bundle might have been uninstalled

!ENTRY org.eclipse.e4.ui.workbench 2 0 2023-04-29 22:00:16.149
!MESSAGE Removing PartDescriptorImpl with the "org.eclipse.pde.spy.event.internal.ui.EventSpyPart" id and the "Event Spy" label.It points to the non available "bundleclass://org.eclipse.pde.spy.event/org.eclipse.pde.spy.event.internal.ui.EventSpyPart" class. Bundle might have been uninstalled

!ENTRY org.eclipse.e4.ui.workbench 2 0 2023-04-29 22:00:16.153
!MESSAGE Removing PartDescriptorImpl with the "org.eclipse.pde.spy.model.ModelSpyPart" id and the "Model Spy" label.It points to the non available "bundleclass://org.eclipse.pde.spy.model/org.eclipse.pde.spy.model.ModelSpyPart" class. Bundle might have been uninstalled

!ENTRY org.eclipse.e4.ui.workbench 2 0 2023-04-29 22:00:16.156
!MESSAGE Removing PartDescriptorImpl with the "org.eclipse.lsp4e.callHierarchy.callHierarchyView" id and the "Call Hierarchy" label.It points to the non available "bundleclass://org.eclipse.ui.workbench/org.eclipse.ui.internal.e4.compatibility.CompatibilityView" class. Bundle might have been uninstalled

!ENTRY org.eclipse.e4.ui.workbench 2 0 2023-04-29 22:00:16.158
!MESSAGE Removing PartDescriptorImpl with the "org.eclipse.pde.api.tools.ui.views.apitooling.views.apitoolingview" id and the "API Tools" label.It points to the non available "bundleclass://org.eclipse.ui.workbench/org.eclipse.ui.internal.e4.compatibility.CompatibilityView" class. Bundle might have been uninstalled

!ENTRY org.eclipse.e4.ui.workbench 2 0 2023-04-29 22:00:16.160
!MESSAGE Removing PartDescriptorImpl with the "org.eclipse.pde.runtime.RegistryBrowser" id and the "Plug-in Registry" label.It points to the non available "bundleclass://org.eclipse.ui.workbench/org.eclipse.ui.internal.e4.compatibility.CompatibilityView" class. Bundle might have been uninstalled

!ENTRY org.eclipse.e4.ui.workbench 2 0 2023-04-29 22:00:16.162
!MESSAGE Removing PartDescriptorImpl with the "org.springframework.ide.eclipse.boot.dash.views.BootDashView" id and the "Boot Dashboard" label.It points to the non available "bundleclass://org.eclipse.ui.workbench/org.eclipse.ui.internal.e4.compatibility.CompatibilityView" class. Bundle might have been uninstalled

!ENTRY org.eclipse.e4.ui.workbench 2 0 2023-04-29 22:00:16.164
!MESSAGE Removing PartDescriptorImpl with the "org.springframework.tooling.ls.eclipse.gotosymbol.view.SpringSymbolsView" id and the "Spring Symbols" label.It points to the non available "bundleclass://org.eclipse.ui.workbench/org.eclipse.ui.internal.e4.compatibility.CompatibilityView" class. Bundle might have been uninstalled

!ENTRY org.eclipse.egit.ui 2 0 2023-04-29 22:00:16.399
!MESSAGE Warning: The environment variable HOME is not set. The following directory will be used to store the Git
user global configuration and to define the default location to store repositories: 'C:\Users\Kdpat'. If this is
not correct please set the HOME environment variable and restart Eclipse. Otherwise Git for Windows and
EGit might behave differently since they see different configuration options.
This warning can be switched off on the Team > Git > Confirmations and Warnings preference page.
!SESSION 2023-04-30 12:32:21.396 -----------------------------------------------
eclipse.buildId=4.26.0.20221201-1200
java.version=17.0.6
java.vendor=Eclipse Adoptium
BootLoader constants: OS=win32, ARCH=x86_64, WS=win32, NL=en_IN
Framework arguments:  -product org.eclipse.epp.package.java.product
Command-line arguments:  -os win32 -ws win32 -arch x86_64 -product org.eclipse.epp.package.java.product

!ENTRY ch.qos.logback.classic 1 0 2023-04-30 12:32:25.273
!MESSAGE Activated before the state location was initialized. Retry after the state location is initialized.

!ENTRY ch.qos.logback.classic 1 0 2023-04-30 12:32:33.756
!MESSAGE Logback config file: C:\Users\Kdpat\OneDrive\Desktop\Servlet3apr\.metadata\.plugins\org.eclipse.m2e.logback\logback.2.1.0.20221015-0744.xml

!ENTRY org.eclipse.jface 2 0 2023-04-30 12:32:53.534
!MESSAGE Keybinding conflicts occurred.  They may interfere with normal accelerator operation.
!SUBENTRY 1 org.eclipse.jface 2 0 2023-04-30 12:32:53.534
!MESSAGE A conflict occurred for CTRL+SHIFT+F11:
Binding(CTRL+SHIFT+F11,
	ParameterizedCommand(Command(org.eclipse.eclemma.ui.commands.CoverageLast,Coverage,
		Coverage,
		Category(org.eclipse.debug.ui.category.run,Run/Debug,Run/Debug command category,true),
		WorkbenchHandlerServiceHandler("org.eclipse.eclemma.ui.commands.CoverageLast"),
		,,true),null),
	org.eclipse.ui.defaultAcceleratorConfiguration,
	org.eclipse.ui.contexts.window,,,system)
Binding(CTRL+SHIFT+F11,
	ParameterizedCommand(Command(org.eclipse.tcf.te.tcf.ui.toolbar.command.historyLast,Execute Last Action,
		,
		Category(org.eclipse.tcf.te.ui.commands.category,Target Explorer Commands,null,true),
		WorkbenchHandlerServiceHandler("org.eclipse.tcf.te.tcf.ui.toolbar.command.historyLast"),
		,,true),null),
	org.eclipse.ui.defaultAcceleratorConfiguration,
	org.eclipse.ui.contexts.window,,win32,system)
!SUBENTRY 1 org.eclipse.jface 2 0 2023-04-30 12:32:53.534
!MESSAGE A conflict occurred for CTRL+SHIFT+T:
Binding(CTRL+SHIFT+T,
	ParameterizedCommand(Command(org.eclipse.jdt.ui.navigate.open.type,Open Type,
		Open a type in a Java editor,
		Category(org.eclipse.ui.category.navigate,Navigate,null,true),
		WorkbenchHandlerServiceHandler("org.eclipse.jdt.ui.navigate.open.type"),
		,,true),null),
	org.eclipse.ui.defaultAcceleratorConfiguration,
	org.eclipse.ui.contexts.window,,,system)
Binding(CTRL+SHIFT+T,
	ParameterizedCommand(Command(org.eclipse.lsp4e.symbolinworkspace,Go to Symbol in Workspace,
		,
		Category(org.eclipse.lsp4e.category,Language Servers,null,true),
		WorkbenchHandlerServiceHandler("org.eclipse.lsp4e.symbolinworkspace"),
		,,true),null),
	org.eclipse.ui.defaultAcceleratorConfiguration,
	org.eclipse.ui.contexts.window,,,system)
!SUBENTRY 1 org.eclipse.jface 2 0 2023-04-30 12:32:53.534
!MESSAGE A conflict occurred for ALT+SHIFT+X R:
Binding(ALT+SHIFT+X R,
	ParameterizedCommand(Command(org.eclipse.rap.tools.launch.RAPLaunchShortcut.run,Run RAP Application,
		Run RAP Application,
		Category(org.eclipse.debug.ui.category.run,Run/Debug,Run/Debug command category,true),
		WorkbenchHandlerServiceHandler("org.eclipse.rap.tools.launch.RAPLaunchShortcut.run"),
		,,true),null),
	org.eclipse.ui.defaultAcceleratorConfiguration,
	org.eclipse.ui.contexts.window,,,system)
Binding(ALT+SHIFT+X R,
	ParameterizedCommand(Command(org.eclipse.wst.server.launchShortcut.run,Run on Server,
		Run the current selection on a server,
		Category(org.eclipse.debug.ui.category.run,Run/Debug,Run/Debug command category,true),
		WorkbenchHandlerServiceHandler("org.eclipse.wst.server.launchShortcut.run"),
		,,true),null),
	org.eclipse.ui.defaultAcceleratorConfiguration,
	org.eclipse.ui.contexts.window,,,system)
!SUBENTRY 1 org.eclipse.jface 2 0 2023-04-30 12:32:53.534
!MESSAGE A conflict occurred for ALT+SHIFT+R:
Binding(ALT+SHIFT+R,
	ParameterizedCommand(Command(org.eclipse.jdt.ui.edit.text.java.rename.element,Rename - Refactoring ,
		Rename the selected element,
		Category(org.eclipse.jdt.ui.category.refactoring,Refactor - Java,Java Refactoring Actions,true),
		WorkbenchHandlerServiceHandler("org.eclipse.jdt.ui.edit.text.java.rename.element"),
		,,true),null),
	org.eclipse.ui.defaultAcceleratorConfiguration,
	org.eclipse.ui.contexts.window,,,system)
Binding(ALT+SHIFT+R,
	ParameterizedCommand(Command(org.eclipse.ui.edit.rename,Rename,
		Rename the selected item,
		Category(org.eclipse.ui.category.file,File,null,true),
		WorkbenchHandlerServiceHandler("org.eclipse.ui.edit.rename"),
		,,true),null),
	org.eclipse.ui.defaultAcceleratorConfiguration,
	org.eclipse.ui.contexts.window,,,system)
!SUBENTRY 1 org.eclipse.jface 2 0 2023-04-30 12:32:53.534
!MESSAGE A conflict occurred for ALT+SHIFT+D R:
Binding(ALT+SHIFT+D R,
	ParameterizedCommand(Command(org.eclipse.rap.tools.launch.RAPLaunchShortcut.debug,Debug RAP Application,
		Debug RAP Application,
		Category(org.eclipse.debug.ui.category.run,Run/Debug,Run/Debug command category,true),
		WorkbenchHandlerServiceHandler("org.eclipse.rap.tools.launch.RAPLaunchShortcut.debug"),
		,,true),null),
	org.eclipse.ui.defaultAcceleratorConfiguration,
	org.eclipse.ui.contexts.window,,,system)
Binding(ALT+SHIFT+D R,
	ParameterizedCommand(Command(org.eclipse.wst.server.launchShortcut.debug,Debug on Server,
		Debug the current selection on a server,
		Category(org.eclipse.debug.ui.category.run,Run/Debug,Run/Debug command category,true),
		WorkbenchHandlerServiceHandler("org.eclipse.wst.server.launchShortcut.debug"),
		,,true),null),
	org.eclipse.ui.defaultAcceleratorConfiguration,
	org.eclipse.ui.contexts.window,,,system)

!ENTRY org.eclipse.egit.ui 2 0 2023-04-30 12:32:58.121
!MESSAGE Warning: The environment variable HOME is not set. The following directory will be used to store the Git
user global configuration and to define the default location to store repositories: 'C:\Users\Kdpat'. If this is
not correct please set the HOME environment variable and restart Eclipse. Otherwise Git for Windows and
EGit might behave differently since they see different configuration options.
This warning can be switched off on the Team > Git > Confirmations and Warnings preference page.
!SESSION 2023-04-30 12:38:52.983 -----------------------------------------------
eclipse.buildId=4.26.0.20221201-1200
java.version=17.0.6
java.vendor=Eclipse Adoptium
BootLoader constants: OS=win32, ARCH=x86_64, WS=win32, NL=en_IN
Framework arguments:  -product org.eclipse.epp.package.java.product
Command-line arguments:  -os win32 -ws win32 -arch x86_64 -product org.eclipse.epp.package.java.product

!ENTRY ch.qos.logback.classic 1 0 2023-04-30 12:38:54.133
!MESSAGE Activated before the state location was initialized. Retry after the state location is initialized.

!ENTRY ch.qos.logback.classic 1 0 2023-04-30 12:38:57.581
!MESSAGE Logback config file: C:\Users\Kdpat\OneDrive\Desktop\Servlet3apr\.metadata\.plugins\org.eclipse.m2e.logback\logback.2.1.0.20221015-0744.xml

!ENTRY org.eclipse.jface 2 0 2023-04-30 12:39:00.218
!MESSAGE Keybinding conflicts occurred.  They may interfere with normal accelerator operation.
!SUBENTRY 1 org.eclipse.jface 2 0 2023-04-30 12:39:00.220
!MESSAGE A conflict occurred for CTRL+SHIFT+F11:
Binding(CTRL+SHIFT+F11,
	ParameterizedCommand(Command(org.eclipse.eclemma.ui.commands.CoverageLast,Coverage,
		Coverage,
		Category(org.eclipse.debug.ui.category.run,Run/Debug,Run/Debug command category,true),
		WorkbenchHandlerServiceHandler("org.eclipse.eclemma.ui.commands.CoverageLast"),
		,,true),null),
	org.eclipse.ui.defaultAcceleratorConfiguration,
	org.eclipse.ui.contexts.window,,,system)
Binding(CTRL+SHIFT+F11,
	ParameterizedCommand(Command(org.eclipse.tcf.te.tcf.ui.toolbar.command.historyLast,Execute Last Action,
		,
		Category(org.eclipse.tcf.te.ui.commands.category,Target Explorer Commands,null,true),
		WorkbenchHandlerServiceHandler("org.eclipse.tcf.te.tcf.ui.toolbar.command.historyLast"),
		,,true),null),
	org.eclipse.ui.defaultAcceleratorConfiguration,
	org.eclipse.ui.contexts.window,,win32,system)
!SUBENTRY 1 org.eclipse.jface 2 0 2023-04-30 12:39:00.220
!MESSAGE A conflict occurred for CTRL+SHIFT+T:
Binding(CTRL+SHIFT+T,
	ParameterizedCommand(Command(org.eclipse.jdt.ui.navigate.open.type,Open Type,
		Open a type in a Java editor,
		Category(org.eclipse.ui.category.navigate,Navigate,null,true),
		WorkbenchHandlerServiceHandler("org.eclipse.jdt.ui.navigate.open.type"),
		,,true),null),
	org.eclipse.ui.defaultAcceleratorConfiguration,
	org.eclipse.ui.contexts.window,,,system)
Binding(CTRL+SHIFT+T,
	ParameterizedCommand(Command(org.eclipse.lsp4e.symbolinworkspace,Go to Symbol in Workspace,
		,
		Category(org.eclipse.lsp4e.category,Language Servers,null,true),
		WorkbenchHandlerServiceHandler("org.eclipse.lsp4e.symbolinworkspace"),
		,,true),null),
	org.eclipse.ui.defaultAcceleratorConfiguration,
	org.eclipse.ui.contexts.window,,,system)
!SUBENTRY 1 org.eclipse.jface 2 0 2023-04-30 12:39:00.220
!MESSAGE A conflict occurred for ALT+SHIFT+X R:
Binding(ALT+SHIFT+X R,
	ParameterizedCommand(Command(org.eclipse.rap.tools.launch.RAPLaunchShortcut.run,Run RAP Application,
		Run RAP Application,
		Category(org.eclipse.debug.ui.category.run,Run/Debug,Run/Debug command category,true),
		WorkbenchHandlerServiceHandler("org.eclipse.rap.tools.launch.RAPLaunchShortcut.run"),
		,,true),null),
	org.eclipse.ui.defaultAcceleratorConfiguration,
	org.eclipse.ui.contexts.window,,,system)
Binding(ALT+SHIFT+X R,
	ParameterizedCommand(Command(org.eclipse.wst.server.launchShortcut.run,Run on Server,
		Run the current selection on a server,
		Category(org.eclipse.debug.ui.category.run,Run/Debug,Run/Debug command category,true),
		WorkbenchHandlerServiceHandler("org.eclipse.wst.server.launchShortcut.run"),
		,,true),null),
	org.eclipse.ui.defaultAcceleratorConfiguration,
	org.eclipse.ui.contexts.window,,,system)
!SUBENTRY 1 org.eclipse.jface 2 0 2023-04-30 12:39:00.220
!MESSAGE A conflict occurred for ALT+SHIFT+R:
Binding(ALT+SHIFT+R,
	ParameterizedCommand(Command(org.eclipse.jdt.ui.edit.text.java.rename.element,Rename - Refactoring ,
		Rename the selected element,
		Category(org.eclipse.jdt.ui.category.refactoring,Refactor - Java,Java Refactoring Actions,true),
		WorkbenchHandlerServiceHandler("org.eclipse.jdt.ui.edit.text.java.rename.element"),
		,,true),null),
	org.eclipse.ui.defaultAcceleratorConfiguration,
	org.eclipse.ui.contexts.window,,,system)
Binding(ALT+SHIFT+R,
	ParameterizedCommand(Command(org.eclipse.ui.edit.rename,Rename,
		Rename the selected item,
		Category(org.eclipse.ui.category.file,File,null,true),
		WorkbenchHandlerServiceHandler("org.eclipse.ui.edit.rename"),
		,,true),null),
	org.eclipse.ui.defaultAcceleratorConfiguration,
	org.eclipse.ui.contexts.window,,,system)
!SUBENTRY 1 org.eclipse.jface 2 0 2023-04-30 12:39:00.220
!MESSAGE A conflict occurred for ALT+SHIFT+D R:
Binding(ALT+SHIFT+D R,
	ParameterizedCommand(Command(org.eclipse.rap.tools.launch.RAPLaunchShortcut.debug,Debug RAP Application,
		Debug RAP Application,
		Category(org.eclipse.debug.ui.category.run,Run/Debug,Run/Debug command category,true),
		WorkbenchHandlerServiceHandler("org.eclipse.rap.tools.launch.RAPLaunchShortcut.debug"),
		,,true),null),
	org.eclipse.ui.defaultAcceleratorConfiguration,
	org.eclipse.ui.contexts.window,,,system)
Binding(ALT+SHIFT+D R,
	ParameterizedCommand(Command(org.eclipse.wst.server.launchShortcut.debug,Debug on Server,
		Debug the current selection on a server,
		Category(org.eclipse.debug.ui.category.run,Run/Debug,Run/Debug command category,true),
		WorkbenchHandlerServiceHandler("org.eclipse.wst.server.launchShortcut.debug"),
		,,true),null),
	org.eclipse.ui.defaultAcceleratorConfiguration,
	org.eclipse.ui.contexts.window,,,system)

!ENTRY org.eclipse.egit.ui 2 0 2023-04-30 12:39:02.682
!MESSAGE Warning: The environment variable HOME is not set. The following directory will be used to store the Git
user global configuration and to define the default location to store repositories: 'C:\Users\Kdpat'. If this is
not correct please set the HOME environment variable and restart Eclipse. Otherwise Git for Windows and
EGit might behave differently since they see different configuration options.
This warning can be switched off on the Team > Git > Confirmations and Warnings preference page.

!ENTRY org.eclipse.wst.server.core 4 0 2023-04-30 12:40:19.476
!MESSAGE Server Tomcat v10.1 Server at localhost failed to start.

!ENTRY org.eclipse.wst.server.core 4 0 2023-04-30 12:40:44.595
!MESSAGE Server Tomcat v10.1 Server at localhost failed to start.

!ENTRY org.eclipse.wst.server.core 4 0 2023-04-30 12:41:35.759
!MESSAGE Server Tomcat v10.1 Server at localhost failed to start.

!ENTRY org.eclipse.wst.server.core 4 0 2023-04-30 12:42:11.447
!MESSAGE Server Tomcat v10.1 Server at localhost failed to start.

!ENTRY org.eclipse.wst.server.core 4 0 2023-04-30 12:47:09.053
!MESSAGE Server Tomcat v10.1 Server at localhost failed to start.

!ENTRY org.eclipse.wst.server.core 4 0 2023-04-30 12:51:33.483
!MESSAGE Server Tomcat v10.1 Server at localhost failed to start.

!ENTRY org.eclipse.wst.server.core 4 0 2023-04-30 12:53:34.353
!MESSAGE Server Tomcat v10.1 Server at localhost failed to start.

!ENTRY org.eclipse.wst.server.core 4 0 2023-04-30 12:53:54.676
!MESSAGE Server Tomcat v10.1 Server at localhost failed to start.

!ENTRY org.eclipse.wst.server.core 4 0 2023-04-30 12:54:17.873
!MESSAGE Server Tomcat v10.1 Server at localhost failed to start.

!ENTRY org.eclipse.wst.server.core 4 0 2023-04-30 12:56:41.248
!MESSAGE Server Tomcat v10.1 Server at localhost failed to start.

!ENTRY org.eclipse.ui.ide 4 4 2023-04-30 13:04:25.363
!MESSAGE Not properly disposed SWT resource
!STACK 0
java.lang.Error: SWT Resource was not properly disposed
	at org.eclipse.swt.graphics.Resource.initNonDisposeTracking(Resource.java:172)
	at org.eclipse.swt.graphics.Resource.<init>(Resource.java:120)
	at org.eclipse.swt.graphics.Image.<init>(Image.java:668)
	at org.eclipse.jface.resource.URLImageDescriptor.createImage(URLImageDescriptor.java:241)
	at org.eclipse.jface.resource.ImageDescriptor.createImage(ImageDescriptor.java:290)
	at org.eclipse.jface.resource.ImageDescriptor.createImage(ImageDescriptor.java:268)
	at org.eclipse.jst.jee.ui.internal.navigator.web.WebAppProvider.getWeb25Image(WebAppProvider.java:149)
	at org.eclipse.jst.jee.ui.internal.navigator.web.WebAppProvider.getImage(WebAppProvider.java:106)
	at org.eclipse.jst.jee.ui.internal.navigator.Web25LabelProvider.getImage(Web25LabelProvider.java:47)
	at org.eclipse.ui.internal.navigator.NavigatorContentServiceLabelProvider.findImage(NavigatorContentServiceLabelProvider.java:204)
	at org.eclipse.ui.internal.navigator.NavigatorContentServiceLabelProvider.getColumnImage(NavigatorContentServiceLabelProvider.java:112)
	at org.eclipse.ui.internal.navigator.NavigatorContentServiceLabelProvider.getImage(NavigatorContentServiceLabelProvider.java:104)
	at org.eclipse.ui.internal.navigator.NavigatorDecoratingLabelProvider$StyledLabelProviderAdapter.getImage(NavigatorDecoratingLabelProvider.java:63)
	at org.eclipse.jface.viewers.DelegatingStyledCellLabelProvider.getImage(DelegatingStyledCellLabelProvider.java:198)
	at org.eclipse.jface.viewers.DecoratingStyledCellLabelProvider.getImage(DecoratingStyledCellLabelProvider.java:171)
	at org.eclipse.jface.viewers.DelegatingStyledCellLabelProvider.update(DelegatingStyledCellLabelProvider.java:124)
	at org.eclipse.jface.viewers.DecoratingStyledCellLabelProvider.update(DecoratingStyledCellLabelProvider.java:134)
	at org.eclipse.jface.viewers.ViewerColumn.refresh(ViewerColumn.java:144)
	at org.eclipse.jface.viewers.AbstractTreeViewer.doUpdateItem(AbstractTreeViewer.java:970)
	at org.eclipse.jface.viewers.AbstractTreeViewer$UpdateItemSafeRunnable.run(AbstractTreeViewer.java:126)
	at org.eclipse.core.runtime.SafeRunner.run(SafeRunner.java:45)
	at org.eclipse.jface.util.SafeRunnable.run(SafeRunnable.java:174)
	at org.eclipse.jface.viewers.AbstractTreeViewer.doUpdateItem(AbstractTreeViewer.java:1048)
	at org.eclipse.jface.viewers.StructuredViewer$UpdateItemSafeRunnable.run(StructuredViewer.java:427)
	at org.eclipse.core.runtime.SafeRunner.run(SafeRunner.java:45)
	at org.eclipse.jface.util.SafeRunnable.run(SafeRunnable.java:174)
	at org.eclipse.jface.viewers.StructuredViewer.updateItem(StructuredViewer.java:2107)
	at org.eclipse.jface.viewers.AbstractTreeViewer.createTreeItem(AbstractTreeViewer.java:864)
	at org.eclipse.jface.viewers.AbstractTreeViewer.createAddedElements(AbstractTreeViewer.java:433)
	at org.eclipse.jface.viewers.AbstractTreeViewer.internalAdd(AbstractTreeViewer.java:289)
	at org.eclipse.jface.viewers.TreeViewer.internalAdd(TreeViewer.java:630)
	at org.eclipse.jface.viewers.AbstractTreeViewer.add(AbstractTreeViewer.java:167)
	at org.eclipse.ui.navigator.CommonViewer.add(CommonViewer.java:305)
	at org.eclipse.jst.j2ee.navigator.internal.ClearPlaceHolderJob.runInUIThread(ClearPlaceHolderJob.java:42)
	at org.eclipse.jst.jee.ui.internal.navigator.ClearJeePlaceHolderJob.runInUIThread(ClearJeePlaceHolderJob.java:32)
	at org.eclipse.ui.progress.UIJob.lambda$0(UIJob.java:148)
	at org.eclipse.swt.widgets.RunnableLock.run(RunnableLock.java:40)
	at org.eclipse.swt.widgets.Synchronizer.runAsyncMessages(Synchronizer.java:132)
	at org.eclipse.swt.widgets.Display.runAsyncMessages(Display.java:4029)
	at org.eclipse.swt.widgets.Display.readAndDispatch(Display.java:3645)
	at org.eclipse.e4.ui.internal.workbench.swt.PartRenderingEngine$5.run(PartRenderingEngine.java:1155)
	at org.eclipse.core.databinding.observable.Realm.runWithDefault(Realm.java:338)
	at org.eclipse.e4.ui.internal.workbench.swt.PartRenderingEngine.run(PartRenderingEngine.java:1046)
	at org.eclipse.e4.ui.internal.workbench.E4Workbench.createAndRunUI(E4Workbench.java:155)
	at org.eclipse.ui.internal.Workbench.lambda$3(Workbench.java:643)
	at org.eclipse.core.databinding.observable.Realm.runWithDefault(Realm.java:338)
	at org.eclipse.ui.internal.Workbench.createAndRunWorkbench(Workbench.java:550)
	at org.eclipse.ui.PlatformUI.createAndRunWorkbench(PlatformUI.java:171)
	at org.eclipse.ui.internal.ide.application.IDEApplication.start(IDEApplication.java:152)
	at org.eclipse.equinox.internal.app.EclipseAppHandle.run(EclipseAppHandle.java:203)
	at org.eclipse.core.runtime.internal.adaptor.EclipseAppLauncher.runApplication(EclipseAppLauncher.java:136)
	at org.eclipse.core.runtime.internal.adaptor.EclipseAppLauncher.start(EclipseAppLauncher.java:104)
	at org.eclipse.core.runtime.adaptor.EclipseStarter.run(EclipseStarter.java:402)
	at org.eclipse.core.runtime.adaptor.EclipseStarter.run(EclipseStarter.java:255)
	at java.base/jdk.internal.reflect.NativeMethodAccessorImpl.invoke0(Native Method)
	at java.base/jdk.internal.reflect.NativeMethodAccessorImpl.invoke(NativeMethodAccessorImpl.java:77)
	at java.base/jdk.internal.reflect.DelegatingMethodAccessorImpl.invoke(DelegatingMethodAccessorImpl.java:43)
	at java.base/java.lang.reflect.Method.invoke(Method.java:568)
	at org.eclipse.equinox.launcher.Main.invokeFramework(Main.java:659)
	at org.eclipse.equinox.launcher.Main.basicRun(Main.java:596)
	at org.eclipse.equinox.launcher.Main.run(Main.java:1467)

!ENTRY org.eclipse.wst.server.core 4 0 2023-04-30 13:07:22.127
!MESSAGE Server Tomcat v10.1 Server at localhost failed to start.

!ENTRY org.eclipse.wst.server.core 4 0 2023-04-30 13:11:17.600
!MESSAGE Server Tomcat v10.1 Server at localhost failed to start.

!ENTRY org.eclipse.wst.server.core 4 0 2023-04-30 13:11:37.540
!MESSAGE Server Tomcat v10.1 Server at localhost failed to start.
