2023-07-11 11:04:13,108 [Worker-7: Loading available Gradle versions] INFO  o.e.b.c.i.u.g.PublishedGradleVersions - Gradle version information cache is out-of-date. Trying to update.
2023-07-11 11:08:56,510 [Worker-15: Building] INFO  o.e.m.c.i.l.LifecycleMappingFactory - Using org.eclipse.m2e.jdt.JarLifecycleMapping lifecycle mapping for MavenProject: com.dollop.app:03springapp:0.0.1-SNAPSHOT @ D:\AdvanceJavaAllWorkSpeces\jdbc+springcore\03springapp\pom.xml.
2023-07-11 11:08:57,799 [Worker-15: Building] WARN  o.e.m.c.i.embedder.EclipseLogger - Using platform encoding (UTF-8 actually) to copy filtered resources, i.e. build is platform dependent!
2023-07-11 11:08:57,802 [Worker-15: Building] INFO  o.e.m.c.i.embedder.EclipseLogger - skip non existing resourceDirectory D:\AdvanceJavaAllWorkSpeces\jdbc+springcore\03springapp\src\main\resources
2023-07-11 11:08:57,809 [Worker-15: Building] WARN  o.e.m.c.i.embedder.EclipseLogger - Using platform encoding (UTF-8 actually) to copy filtered resources, i.e. build is platform dependent!
2023-07-11 11:08:57,810 [Worker-15: Building] INFO  o.e.m.c.i.embedder.EclipseLogger - skip non existing resourceDirectory D:\AdvanceJavaAllWorkSpeces\jdbc+springcore\03springapp\src\test\resources
2023-07-11 11:08:58,856 [Worker-21: Building] INFO  o.e.m.c.i.l.LifecycleMappingFactory - Using org.eclipse.m2e.jdt.JarLifecycleMapping lifecycle mapping for MavenProject: com.dollop.app:04SpringLifeCycle:1.0 @ D:\AdvanceJavaAllWorkSpeces\jdbc+springcore\04SpringLifeCycle\pom.xml.
2023-07-11 11:08:59,191 [Worker-21: Building] WARN  o.e.m.c.i.embedder.EclipseLogger - Using platform encoding (UTF-8 actually) to copy filtered resources, i.e. build is platform dependent!
2023-07-11 11:08:59,198 [Worker-21: Building] INFO  o.e.m.c.i.embedder.EclipseLogger - Copying 1 resource
2023-07-11 11:08:59,221 [Worker-21: Building] WARN  o.e.m.c.i.embedder.EclipseLogger - Using platform encoding (UTF-8 actually) to copy filtered resources, i.e. build is platform dependent!
2023-07-11 11:08:59,222 [Worker-21: Building] INFO  o.e.m.c.i.embedder.EclipseLogger - skip non existing resourceDirectory D:\AdvanceJavaAllWorkSpeces\jdbc+springcore\04SpringLifeCycle\src\test\resources
2023-07-11 11:08:59,400 [Worker-21: Building] INFO  o.e.m.c.i.l.LifecycleMappingFactory - Using org.eclipse.m2e.jdt.JarLifecycleMapping lifecycle mapping for MavenProject: com.dollop.app:05SpringLifeCycle:0.0.1-SNAPSHOT @ D:\AdvanceJavaAllWorkSpeces\jdbc+springcore\05SpringLifeCycle\pom.xml.
2023-07-11 11:08:59,570 [Worker-21: Building] WARN  o.e.m.c.i.embedder.EclipseLogger - Using platform encoding (UTF-8 actually) to copy filtered resources, i.e. build is platform dependent!
2023-07-11 11:08:59,572 [Worker-21: Building] INFO  o.e.m.c.i.embedder.EclipseLogger - Copying 1 resource
2023-07-11 11:08:59,587 [Worker-21: Building] WARN  o.e.m.c.i.embedder.EclipseLogger - Using platform encoding (UTF-8 actually) to copy filtered resources, i.e. build is platform dependent!
2023-07-11 11:08:59,588 [Worker-21: Building] INFO  o.e.m.c.i.embedder.EclipseLogger - skip non existing resourceDirectory D:\AdvanceJavaAllWorkSpeces\jdbc+springcore\05SpringLifeCycle\src\test\resources
2023-07-11 11:08:59,842 [Worker-21: Building] INFO  o.e.m.c.i.l.LifecycleMappingFactory - Using org.eclipse.m2e.jdt.JarLifecycleMapping lifecycle mapping for MavenProject: com.adda.dollo1.app:07SpringjavaConfig:1.0 @ D:\AdvanceJavaAllWorkSpeces\jdbc+springcore\07SpringjavaConfig\pom.xml.
2023-07-11 11:09:00,022 [Worker-21: Building] WARN  o.e.m.c.i.embedder.EclipseLogger - Using platform encoding (UTF-8 actually) to copy filtered resources, i.e. build is platform dependent!
2023-07-11 11:09:00,023 [Worker-21: Building] INFO  o.e.m.c.i.embedder.EclipseLogger - Copying 1 resource
2023-07-11 11:09:00,035 [Worker-21: Building] WARN  o.e.m.c.i.embedder.EclipseLogger - Using platform encoding (UTF-8 actually) to copy filtered resources, i.e. build is platform dependent!
2023-07-11 11:09:00,036 [Worker-21: Building] INFO  o.e.m.c.i.embedder.EclipseLogger - skip non existing resourceDirectory D:\AdvanceJavaAllWorkSpeces\jdbc+springcore\07SpringjavaConfig\src\test\resources
2023-07-11 11:09:00,425 [Worker-21: Building] INFO  o.e.m.c.i.l.LifecycleMappingFactory - Using org.eclipse.m2e.jdt.JarLifecycleMapping lifecycle mapping for MavenProject: com.adda.app:09SpringLifeCycle:1.0 @ D:\AdvanceJavaAllWorkSpeces\jdbc+springcore\09SpringLifeCycle\pom.xml.
2023-07-11 11:09:00,682 [Worker-21: Building] WARN  o.e.m.c.i.embedder.EclipseLogger - Using platform encoding (UTF-8 actually) to copy filtered resources, i.e. build is platform dependent!
2023-07-11 11:09:00,683 [Worker-21: Building] INFO  o.e.m.c.i.embedder.EclipseLogger - Copying 1 resource
2023-07-11 11:09:00,698 [Worker-21: Building] WARN  o.e.m.c.i.embedder.EclipseLogger - Using platform encoding (UTF-8 actually) to copy filtered resources, i.e. build is platform dependent!
2023-07-11 11:09:00,699 [Worker-21: Building] INFO  o.e.m.c.i.embedder.EclipseLogger - skip non existing resourceDirectory D:\AdvanceJavaAllWorkSpeces\jdbc+springcore\09SpringLifeCycle\src\test\resources
2023-07-11 11:09:01,115 [Worker-21: Building] INFO  o.e.m.c.i.l.LifecycleMappingFactory - Using org.eclipse.m2e.jdt.JarLifecycleMapping lifecycle mapping for MavenProject: com.adda.app.AnnotationConfiuration:AnnotationConfiguration:1.0 @ D:\AdvanceJavaAllWorkSpeces\jdbc+springcore\AnnotationConfiguration\pom.xml.
2023-07-11 11:09:01,331 [Worker-21: Building] WARN  o.e.m.c.i.embedder.EclipseLogger - Using platform encoding (UTF-8 actually) to copy filtered resources, i.e. build is platform dependent!
2023-07-11 11:09:01,332 [Worker-21: Building] INFO  o.e.m.c.i.embedder.EclipseLogger - Copying 1 resource
2023-07-11 11:09:01,348 [Worker-21: Building] WARN  o.e.m.c.i.embedder.EclipseLogger - Using platform encoding (UTF-8 actually) to copy filtered resources, i.e. build is platform dependent!
2023-07-11 11:09:01,349 [Worker-21: Building] INFO  o.e.m.c.i.embedder.EclipseLogger - skip non existing resourceDirectory D:\AdvanceJavaAllWorkSpeces\jdbc+springcore\AnnotationConfiguration\src\test\resources
2023-07-11 11:09:01,524 [Worker-21: Building] INFO  o.e.m.c.i.l.LifecycleMappingFactory - Using org.eclipse.m2e.jdt.JarLifecycleMapping lifecycle mapping for MavenProject: com.adda.app:AutowiringUsingXml:1.0 @ D:\AdvanceJavaAllWorkSpeces\jdbc+springcore\AutowiringUsingXml\pom.xml.
2023-07-11 11:09:01,683 [Worker-21: Building] WARN  o.e.m.c.i.embedder.EclipseLogger - Using platform encoding (UTF-8 actually) to copy filtered resources, i.e. build is platform dependent!
2023-07-11 11:09:01,684 [Worker-21: Building] INFO  o.e.m.c.i.embedder.EclipseLogger - Copying 1 resource
2023-07-11 11:09:01,696 [Worker-21: Building] WARN  o.e.m.c.i.embedder.EclipseLogger - Using platform encoding (UTF-8 actually) to copy filtered resources, i.e. build is platform dependent!
2023-07-11 11:09:01,697 [Worker-21: Building] INFO  o.e.m.c.i.embedder.EclipseLogger - skip non existing resourceDirectory D:\AdvanceJavaAllWorkSpeces\jdbc+springcore\AutowiringUsingXml\src\test\resources
2023-07-11 11:09:01,875 [Worker-21: Building] INFO  o.e.m.c.i.l.LifecycleMappingFactory - Using org.eclipse.m2e.jdt.JarLifecycleMapping lifecycle mapping for MavenProject: com.adda.app:AutowirweAnnotationforAutowiring:1.0 @ D:\AdvanceJavaAllWorkSpeces\jdbc+springcore\AutowirweAnnotationforAutowiring\pom.xml.
2023-07-11 11:09:02,003 [Worker-21: Building] WARN  o.e.m.c.i.embedder.EclipseLogger - Using platform encoding (UTF-8 actually) to copy filtered resources, i.e. build is platform dependent!
2023-07-11 11:09:02,004 [Worker-21: Building] INFO  o.e.m.c.i.embedder.EclipseLogger - skip non existing resourceDirectory D:\AdvanceJavaAllWorkSpeces\jdbc+springcore\AutowirweAnnotationforAutowiring\src\main\resources
2023-07-11 11:09:02,007 [Worker-21: Building] WARN  o.e.m.c.i.embedder.EclipseLogger - Using platform encoding (UTF-8 actually) to copy filtered resources, i.e. build is platform dependent!
2023-07-11 11:09:02,009 [Worker-21: Building] INFO  o.e.m.c.i.embedder.EclipseLogger - skip non existing resourceDirectory D:\AdvanceJavaAllWorkSpeces\jdbc+springcore\AutowirweAnnotationforAutowiring\src\test\resources
2023-07-11 11:09:02,307 [Worker-21: Building] INFO  o.e.m.c.i.l.LifecycleMappingFactory - Using org.eclipse.m2e.jdt.JarLifecycleMapping lifecycle mapping for MavenProject: com.adda.app:InteraceAssignmentSpringCore:1.0 @ D:\AdvanceJavaAllWorkSpeces\jdbc+springcore\InteraceAssignmentSpringCore\pom.xml.
2023-07-11 11:09:02,332 [Worker-21: Building] INFO  o.e.m.c.i.p.WorkspaceClassifierResolverManager - Resolving P/04SpringLifeCycle: com.dollop.app:04SpringLifeCycle:1.0 with classifier  to /04SpringLifeCycle/target/classes
2023-07-11 11:09:02,500 [Worker-21: Building] WARN  o.e.m.c.i.embedder.EclipseLogger - Using platform encoding (UTF-8 actually) to copy filtered resources, i.e. build is platform dependent!
2023-07-11 11:09:02,502 [Worker-21: Building] INFO  o.e.m.c.i.embedder.EclipseLogger - skip non existing resourceDirectory D:\AdvanceJavaAllWorkSpeces\jdbc+springcore\InteraceAssignmentSpringCore\src\main\resources
2023-07-11 11:09:02,504 [Worker-21: Building] WARN  o.e.m.c.i.embedder.EclipseLogger - Using platform encoding (UTF-8 actually) to copy filtered resources, i.e. build is platform dependent!
2023-07-11 11:09:02,505 [Worker-21: Building] INFO  o.e.m.c.i.embedder.EclipseLogger - skip non existing resourceDirectory D:\AdvanceJavaAllWorkSpeces\jdbc+springcore\InteraceAssignmentSpringCore\src\test\resources
2023-07-11 11:09:02,677 [Worker-21: Building] INFO  o.e.m.c.i.l.LifecycleMappingFactory - Using org.eclipse.m2e.jdt.JarLifecycleMapping lifecycle mapping for MavenProject: com.adda.app.bean:SPRINGTAS_COUNTConstructor_method_field_inners_INAClass:1.0 @ D:\AdvanceJavaAllWorkSpeces\jdbc+springcore\SPRINGTAS_COUNTConstructor_method_field_inners_INAClass\pom.xml.
2023-07-11 11:09:02,772 [Worker-21: Building] WARN  o.e.m.c.i.embedder.EclipseLogger - Using platform encoding (UTF-8 actually) to copy filtered resources, i.e. build is platform dependent!
2023-07-11 11:09:02,772 [Worker-21: Building] INFO  o.e.m.c.i.embedder.EclipseLogger - skip non existing resourceDirectory D:\AdvanceJavaAllWorkSpeces\jdbc+springcore\SPRINGTAS_COUNTConstructor_method_field_inners_INAClass\src\main\resources
2023-07-11 11:09:02,774 [Worker-21: Building] WARN  o.e.m.c.i.embedder.EclipseLogger - Using platform encoding (UTF-8 actually) to copy filtered resources, i.e. build is platform dependent!
2023-07-11 11:09:02,776 [Worker-21: Building] INFO  o.e.m.c.i.embedder.EclipseLogger - skip non existing resourceDirectory D:\AdvanceJavaAllWorkSpeces\jdbc+springcore\SPRINGTAS_COUNTConstructor_method_field_inners_INAClass\src\test\resources
2023-07-11 11:09:02,867 [Worker-21: Building] INFO  o.e.m.c.i.l.LifecycleMappingFactory - Using org.eclipse.m2e.jdt.JarLifecycleMapping lifecycle mapping for MavenProject: com.adda.app:StandAloneCollectionproject:1.0 @ D:\AdvanceJavaAllWorkSpeces\jdbc+springcore\StandAloneCollectionproject\pom.xml.
2023-07-11 11:09:02,990 [Worker-21: Building] WARN  o.e.m.c.i.embedder.EclipseLogger - Using platform encoding (UTF-8 actually) to copy filtered resources, i.e. build is platform dependent!
2023-07-11 11:09:02,991 [Worker-21: Building] INFO  o.e.m.c.i.embedder.EclipseLogger - Copying 1 resource
2023-07-11 11:09:03,005 [Worker-21: Building] WARN  o.e.m.c.i.embedder.EclipseLogger - Using platform encoding (UTF-8 actually) to copy filtered resources, i.e. build is platform dependent!
2023-07-11 11:09:03,006 [Worker-21: Building] INFO  o.e.m.c.i.embedder.EclipseLogger - skip non existing resourceDirectory D:\AdvanceJavaAllWorkSpeces\jdbc+springcore\StandAloneCollectionproject\src\test\resources
2023-07-11 11:09:03,140 [Worker-21: Building] INFO  o.e.m.c.i.l.LifecycleMappingFactory - Using org.eclipse.m2e.jdt.JarLifecycleMapping lifecycle mapping for MavenProject: xmlConfiuration:com.adda.app:1.0 @ D:\AdvanceJavaAllWorkSpeces\jdbc+springcore\com.adda.app\pom.xml.
2023-07-11 11:09:03,187 [Worker-21: Building] WARN  o.e.m.c.i.embedder.EclipseLogger - Using platform encoding (UTF-8 actually) to copy filtered resources, i.e. build is platform dependent!
2023-07-11 11:09:03,188 [Worker-21: Building] INFO  o.e.m.c.i.embedder.EclipseLogger - skip non existing resourceDirectory D:\AdvanceJavaAllWorkSpeces\jdbc+springcore\com.adda.app\src\main\resources
2023-07-11 11:09:03,191 [Worker-21: Building] WARN  o.e.m.c.i.embedder.EclipseLogger - Using platform encoding (UTF-8 actually) to copy filtered resources, i.e. build is platform dependent!
2023-07-11 11:09:03,192 [Worker-21: Building] INFO  o.e.m.c.i.embedder.EclipseLogger - skip non existing resourceDirectory D:\AdvanceJavaAllWorkSpeces\jdbc+springcore\com.adda.app\src\test\resources
2023-07-11 11:09:03,484 [Worker-21: Building] INFO  o.e.m.c.i.l.LifecycleMappingFactory - Using org.eclipse.m2e.jdt.JarLifecycleMapping lifecycle mapping for MavenProject: com.adda.app:interfaceusingConfiguration:1.0 @ D:\AdvanceJavaAllWorkSpeces\jdbc+springcore\interfaceusingConfiguration\pom.xml.
2023-07-11 11:09:03,591 [Worker-21: Building] WARN  o.e.m.c.i.embedder.EclipseLogger - Using platform encoding (UTF-8 actually) to copy filtered resources, i.e. build is platform dependent!
2023-07-11 11:09:03,592 [Worker-21: Building] INFO  o.e.m.c.i.embedder.EclipseLogger - Copying 1 resource
2023-07-11 11:09:03,604 [Worker-21: Building] WARN  o.e.m.c.i.embedder.EclipseLogger - Using platform encoding (UTF-8 actually) to copy filtered resources, i.e. build is platform dependent!
2023-07-11 11:09:03,605 [Worker-21: Building] INFO  o.e.m.c.i.embedder.EclipseLogger - skip non existing resourceDirectory D:\AdvanceJavaAllWorkSpeces\jdbc+springcore\interfaceusingConfiguration\src\test\resources
2023-07-11 11:09:03,708 [Worker-21: Building] INFO  o.e.m.c.i.l.LifecycleMappingFactory - Using org.eclipse.m2e.jdt.JarLifecycleMapping lifecycle mapping for MavenProject: com.adaa.app:o3Springapp:1.0 @ D:\AdvanceJavaAllWorkSpeces\jdbc+springcore\o3Springapp\pom.xml.
2023-07-11 11:09:03,817 [Worker-21: Building] WARN  o.e.m.c.i.embedder.EclipseLogger - Using platform encoding (UTF-8 actually) to copy filtered resources, i.e. build is platform dependent!
2023-07-11 11:09:03,817 [Worker-21: Building] INFO  o.e.m.c.i.embedder.EclipseLogger - Copying 1 resource
2023-07-11 11:09:03,827 [Worker-21: Building] WARN  o.e.m.c.i.embedder.EclipseLogger - Using platform encoding (UTF-8 actually) to copy filtered resources, i.e. build is platform dependent!
2023-07-11 11:09:03,828 [Worker-21: Building] INFO  o.e.m.c.i.embedder.EclipseLogger - skip non existing resourceDirectory D:\AdvanceJavaAllWorkSpeces\jdbc+springcore\o3Springapp\src\test\resources
2023-07-11 11:09:03,916 [Worker-21: Building] INFO  o.e.m.c.i.l.LifecycleMappingFactory - Using org.eclipse.m2e.jdt.JarLifecycleMapping lifecycle mapping for MavenProject: com.adda.app:qualifierAnnotationwithAutowiring:1.0 @ D:\AdvanceJavaAllWorkSpeces\jdbc+springcore\qualifierAnnotationwithAutowiring\pom.xml.
2023-07-11 11:09:04,000 [Worker-21: Building] WARN  o.e.m.c.i.embedder.EclipseLogger - Using platform encoding (UTF-8 actually) to copy filtered resources, i.e. build is platform dependent!
2023-07-11 11:09:04,001 [Worker-21: Building] INFO  o.e.m.c.i.embedder.EclipseLogger - Copying 1 resource
2023-07-11 11:09:04,011 [Worker-21: Building] WARN  o.e.m.c.i.embedder.EclipseLogger - Using platform encoding (UTF-8 actually) to copy filtered resources, i.e. build is platform dependent!
2023-07-11 11:09:04,012 [Worker-21: Building] INFO  o.e.m.c.i.embedder.EclipseLogger - skip non existing resourceDirectory D:\AdvanceJavaAllWorkSpeces\jdbc+springcore\qualifierAnnotationwithAutowiring\src\test\resources
2023-07-11 11:09:04,193 [Worker-21: Building] INFO  o.e.m.c.i.l.LifecycleMappingFactory - Using org.eclipse.m2e.jdt.JarLifecycleMapping lifecycle mapping for MavenProject: com.spring.core1:springfirst:1.0 @ D:\AdvanceJavaAllWorkSpeces\jdbc+springcore\springfirst\pom.xml.
2023-07-11 11:09:04,207 [Worker-21: Building] WARN  o.e.m.c.i.embedder.EclipseLogger - Using platform encoding (UTF-8 actually) to copy filtered resources, i.e. build is platform dependent!
2023-07-11 11:09:04,208 [Worker-21: Building] INFO  o.e.m.c.i.embedder.EclipseLogger - skip non existing resourceDirectory D:\AdvanceJavaAllWorkSpeces\jdbc+springcore\springfirst\src\main\resources
2023-07-11 11:09:04,209 [Worker-21: Building] WARN  o.e.m.c.i.embedder.EclipseLogger - Using platform encoding (UTF-8 actually) to copy filtered resources, i.e. build is platform dependent!
2023-07-11 11:09:04,210 [Worker-21: Building] INFO  o.e.m.c.i.embedder.EclipseLogger - skip non existing resourceDirectory D:\AdvanceJavaAllWorkSpeces\jdbc+springcore\springfirst\src\test\resources
2023-07-11 11:09:04,353 [Worker-21: Building] INFO  o.e.m.c.i.l.LifecycleMappingFactory - Using org.eclipse.m2e.jdt.JarLifecycleMapping lifecycle mapping for MavenProject: com.adda.app:springyoutubefirst:1.0 @ D:\AdvanceJavaAllWorkSpeces\jdbc+springcore\springyoutubefirst\pom.xml.
2023-07-11 11:09:04,489 [Worker-21: Building] WARN  o.e.m.c.i.embedder.EclipseLogger - Using platform encoding (UTF-8 actually) to copy filtered resources, i.e. build is platform dependent!
2023-07-11 11:09:04,490 [Worker-21: Building] INFO  o.e.m.c.i.embedder.EclipseLogger - Copying 4 resources
2023-07-11 11:09:04,526 [Worker-21: Building] WARN  o.e.m.c.i.embedder.EclipseLogger - Using platform encoding (UTF-8 actually) to copy filtered resources, i.e. build is platform dependent!
2023-07-11 11:09:04,527 [Worker-21: Building] INFO  o.e.m.c.i.embedder.EclipseLogger - skip non existing resourceDirectory D:\AdvanceJavaAllWorkSpeces\jdbc+springcore\springyoutubefirst\src\test\resources
2023-07-11 11:09:04,678 [Worker-21: Building] INFO  o.e.m.c.i.l.LifecycleMappingFactory - Using org.eclipse.m2e.jdt.JarLifecycleMapping lifecycle mapping for MavenProject: com.adda.app:xmlConfiguration:1.0 @ D:\AdvanceJavaAllWorkSpeces\jdbc+springcore\xmlConfiguration\pom.xml.
2023-07-11 11:09:04,877 [Worker-21: Building] WARN  o.e.m.c.i.embedder.EclipseLogger - Using platform encoding (UTF-8 actually) to copy filtered resources, i.e. build is platform dependent!
2023-07-11 11:09:04,896 [Worker-21: Building] INFO  o.e.m.c.i.embedder.EclipseLogger - Copying 1 resource
2023-07-11 11:09:04,924 [Worker-21: Building] WARN  o.e.m.c.i.embedder.EclipseLogger - Using platform encoding (UTF-8 actually) to copy filtered resources, i.e. build is platform dependent!
2023-07-11 11:09:04,925 [Worker-21: Building] INFO  o.e.m.c.i.embedder.EclipseLogger - skip non existing resourceDirectory D:\AdvanceJavaAllWorkSpeces\jdbc+springcore\xmlConfiguration\src\test\resources
2023-07-12 12:04:15,606 [Worker-1: Loading available Gradle versions] INFO  o.e.b.c.i.u.g.PublishedGradleVersions - Gradle version information cache is up-to-date. Trying to read.
2023-07-13 12:20:15,721 [Worker-5: Loading available Gradle versions] INFO  o.e.b.c.i.u.g.PublishedGradleVersions - Gradle version information cache is out-of-date. Trying to update.
2023-07-28 14:56:59,346 [Worker-8: Loading available Gradle versions] INFO  o.e.b.c.i.u.g.PublishedGradleVersions - Gradle version information cache is up-to-date. Trying to read.
2023-07-28 14:59:47,990 [Worker-4: Building] WARN  o.e.m.c.i.embedder.EclipseLogger - Using platform encoding (UTF-8 actually) to copy filtered resources, i.e. build is platform dependent!
2023-07-28 14:59:47,992 [Worker-4: Building] INFO  o.e.m.c.i.embedder.EclipseLogger - skip non existing resourceDirectory D:\AdvanceJavaAllWorkSpeces\jdbc+springcore\03springapp\src\main\resources
2023-07-28 14:59:47,996 [Worker-4: Building] WARN  o.e.m.c.i.embedder.EclipseLogger - Using platform encoding (UTF-8 actually) to copy filtered resources, i.e. build is platform dependent!
2023-07-28 14:59:47,998 [Worker-4: Building] INFO  o.e.m.c.i.embedder.EclipseLogger - skip non existing resourceDirectory D:\AdvanceJavaAllWorkSpeces\jdbc+springcore\03springapp\src\test\resources
2023-07-28 14:59:48,847 [Worker-16: Building] WARN  o.e.m.c.i.embedder.EclipseLogger - Using platform encoding (UTF-8 actually) to copy filtered resources, i.e. build is platform dependent!
2023-07-28 14:59:48,850 [Worker-16: Building] INFO  o.e.m.c.i.embedder.EclipseLogger - Copying 1 resource
2023-07-28 14:59:48,861 [Worker-16: Building] WARN  o.e.m.c.i.embedder.EclipseLogger - Using platform encoding (UTF-8 actually) to copy filtered resources, i.e. build is platform dependent!
2023-07-28 14:59:48,862 [Worker-16: Building] INFO  o.e.m.c.i.embedder.EclipseLogger - skip non existing resourceDirectory D:\AdvanceJavaAllWorkSpeces\jdbc+springcore\04SpringLifeCycle\src\test\resources
2023-07-28 14:59:49,026 [Worker-16: Building] WARN  o.e.m.c.i.embedder.EclipseLogger - Using platform encoding (UTF-8 actually) to copy filtered resources, i.e. build is platform dependent!
2023-07-28 14:59:49,027 [Worker-16: Building] INFO  o.e.m.c.i.embedder.EclipseLogger - Copying 1 resource
2023-07-28 14:59:49,038 [Worker-16: Building] WARN  o.e.m.c.i.embedder.EclipseLogger - Using platform encoding (UTF-8 actually) to copy filtered resources, i.e. build is platform dependent!
2023-07-28 14:59:49,040 [Worker-16: Building] INFO  o.e.m.c.i.embedder.EclipseLogger - skip non existing resourceDirectory D:\AdvanceJavaAllWorkSpeces\jdbc+springcore\05SpringLifeCycle\src\test\resources
2023-07-28 14:59:49,229 [Worker-16: Building] WARN  o.e.m.c.i.embedder.EclipseLogger - Using platform encoding (UTF-8 actually) to copy filtered resources, i.e. build is platform dependent!
2023-07-28 14:59:49,230 [Worker-16: Building] INFO  o.e.m.c.i.embedder.EclipseLogger - Copying 1 resource
2023-07-28 14:59:49,240 [Worker-16: Building] WARN  o.e.m.c.i.embedder.EclipseLogger - Using platform encoding (UTF-8 actually) to copy filtered resources, i.e. build is platform dependent!
2023-07-28 14:59:49,241 [Worker-16: Building] INFO  o.e.m.c.i.embedder.EclipseLogger - skip non existing resourceDirectory D:\AdvanceJavaAllWorkSpeces\jdbc+springcore\07SpringjavaConfig\src\test\resources
2023-07-28 14:59:49,437 [Worker-16: Building] WARN  o.e.m.c.i.embedder.EclipseLogger - Using platform encoding (UTF-8 actually) to copy filtered resources, i.e. build is platform dependent!
2023-07-28 14:59:49,437 [Worker-16: Building] INFO  o.e.m.c.i.embedder.EclipseLogger - Copying 1 resource
2023-07-28 14:59:49,447 [Worker-16: Building] WARN  o.e.m.c.i.embedder.EclipseLogger - Using platform encoding (UTF-8 actually) to copy filtered resources, i.e. build is platform dependent!
2023-07-28 14:59:49,448 [Worker-16: Building] INFO  o.e.m.c.i.embedder.EclipseLogger - skip non existing resourceDirectory D:\AdvanceJavaAllWorkSpeces\jdbc+springcore\09SpringLifeCycle\src\test\resources
2023-07-28 14:59:49,666 [Worker-16: Building] WARN  o.e.m.c.i.embedder.EclipseLogger - Using platform encoding (UTF-8 actually) to copy filtered resources, i.e. build is platform dependent!
2023-07-28 14:59:49,667 [Worker-16: Building] INFO  o.e.m.c.i.embedder.EclipseLogger - Copying 1 resource
2023-07-28 14:59:49,676 [Worker-16: Building] WARN  o.e.m.c.i.embedder.EclipseLogger - Using platform encoding (UTF-8 actually) to copy filtered resources, i.e. build is platform dependent!
2023-07-28 14:59:49,676 [Worker-16: Building] INFO  o.e.m.c.i.embedder.EclipseLogger - skip non existing resourceDirectory D:\AdvanceJavaAllWorkSpeces\jdbc+springcore\AnnotationConfiguration\src\test\resources
2023-07-28 14:59:49,785 [Worker-16: Building] WARN  o.e.m.c.i.embedder.EclipseLogger - Using platform encoding (UTF-8 actually) to copy filtered resources, i.e. build is platform dependent!
2023-07-28 14:59:49,786 [Worker-16: Building] INFO  o.e.m.c.i.embedder.EclipseLogger - Copying 1 resource
2023-07-28 14:59:49,795 [Worker-16: Building] WARN  o.e.m.c.i.embedder.EclipseLogger - Using platform encoding (UTF-8 actually) to copy filtered resources, i.e. build is platform dependent!
2023-07-28 14:59:49,796 [Worker-16: Building] INFO  o.e.m.c.i.embedder.EclipseLogger - skip non existing resourceDirectory D:\AdvanceJavaAllWorkSpeces\jdbc+springcore\AutowiringUsingXml\src\test\resources
2023-07-28 14:59:49,905 [Worker-16: Building] WARN  o.e.m.c.i.embedder.EclipseLogger - Using platform encoding (UTF-8 actually) to copy filtered resources, i.e. build is platform dependent!
2023-07-28 14:59:49,905 [Worker-16: Building] INFO  o.e.m.c.i.embedder.EclipseLogger - skip non existing resourceDirectory D:\AdvanceJavaAllWorkSpeces\jdbc+springcore\AutowirweAnnotationforAutowiring\src\main\resources
2023-07-28 14:59:49,907 [Worker-16: Building] WARN  o.e.m.c.i.embedder.EclipseLogger - Using platform encoding (UTF-8 actually) to copy filtered resources, i.e. build is platform dependent!
2023-07-28 14:59:49,908 [Worker-16: Building] INFO  o.e.m.c.i.embedder.EclipseLogger - skip non existing resourceDirectory D:\AdvanceJavaAllWorkSpeces\jdbc+springcore\AutowirweAnnotationforAutowiring\src\test\resources
2023-07-28 14:59:50,137 [Worker-16: Building] INFO  o.e.m.c.i.p.WorkspaceClassifierResolverManager - Resolving P/04SpringLifeCycle: com.dollop.app:04SpringLifeCycle:1.0 with classifier  to /04SpringLifeCycle/target/classes
2023-07-28 14:59:50,146 [Worker-16: Building] WARN  o.e.m.c.i.embedder.EclipseLogger - Using platform encoding (UTF-8 actually) to copy filtered resources, i.e. build is platform dependent!
2023-07-28 14:59:50,147 [Worker-16: Building] INFO  o.e.m.c.i.embedder.EclipseLogger - skip non existing resourceDirectory D:\AdvanceJavaAllWorkSpeces\jdbc+springcore\InteraceAssignmentSpringCore\src\main\resources
2023-07-28 14:59:50,149 [Worker-16: Building] WARN  o.e.m.c.i.embedder.EclipseLogger - Using platform encoding (UTF-8 actually) to copy filtered resources, i.e. build is platform dependent!
2023-07-28 14:59:50,150 [Worker-16: Building] INFO  o.e.m.c.i.embedder.EclipseLogger - skip non existing resourceDirectory D:\AdvanceJavaAllWorkSpeces\jdbc+springcore\InteraceAssignmentSpringCore\src\test\resources
2023-07-28 14:59:50,324 [Worker-16: Building] WARN  o.e.m.c.i.embedder.EclipseLogger - Using platform encoding (UTF-8 actually) to copy filtered resources, i.e. build is platform dependent!
2023-07-28 14:59:50,325 [Worker-16: Building] INFO  o.e.m.c.i.embedder.EclipseLogger - skip non existing resourceDirectory D:\AdvanceJavaAllWorkSpeces\jdbc+springcore\SPRINGTAS_COUNTConstructor_method_field_inners_INAClass\src\main\resources
2023-07-28 14:59:50,327 [Worker-16: Building] WARN  o.e.m.c.i.embedder.EclipseLogger - Using platform encoding (UTF-8 actually) to copy filtered resources, i.e. build is platform dependent!
2023-07-28 14:59:50,328 [Worker-16: Building] INFO  o.e.m.c.i.embedder.EclipseLogger - skip non existing resourceDirectory D:\AdvanceJavaAllWorkSpeces\jdbc+springcore\SPRINGTAS_COUNTConstructor_method_field_inners_INAClass\src\test\resources
2023-07-28 14:59:50,418 [Worker-16: Building] WARN  o.e.m.c.i.embedder.EclipseLogger - Using platform encoding (UTF-8 actually) to copy filtered resources, i.e. build is platform dependent!
2023-07-28 14:59:50,420 [Worker-16: Building] INFO  o.e.m.c.i.embedder.EclipseLogger - Copying 1 resource
2023-07-28 14:59:50,433 [Worker-16: Building] WARN  o.e.m.c.i.embedder.EclipseLogger - Using platform encoding (UTF-8 actually) to copy filtered resources, i.e. build is platform dependent!
2023-07-28 14:59:50,434 [Worker-16: Building] INFO  o.e.m.c.i.embedder.EclipseLogger - skip non existing resourceDirectory D:\AdvanceJavaAllWorkSpeces\jdbc+springcore\StandAloneCollectionproject\src\test\resources
2023-07-28 14:59:50,622 [Worker-16: Building] WARN  o.e.m.c.i.embedder.EclipseLogger - Using platform encoding (UTF-8 actually) to copy filtered resources, i.e. build is platform dependent!
2023-07-28 14:59:50,623 [Worker-16: Building] INFO  o.e.m.c.i.embedder.EclipseLogger - skip non existing resourceDirectory D:\AdvanceJavaAllWorkSpeces\jdbc+springcore\com.adda.app\src\main\resources
2023-07-28 14:59:50,624 [Worker-16: Building] WARN  o.e.m.c.i.embedder.EclipseLogger - Using platform encoding (UTF-8 actually) to copy filtered resources, i.e. build is platform dependent!
2023-07-28 14:59:50,625 [Worker-16: Building] INFO  o.e.m.c.i.embedder.EclipseLogger - skip non existing resourceDirectory D:\AdvanceJavaAllWorkSpeces\jdbc+springcore\com.adda.app\src\test\resources
2023-07-28 14:59:50,922 [Worker-16: Building] WARN  o.e.m.c.i.embedder.EclipseLogger - Using platform encoding (UTF-8 actually) to copy filtered resources, i.e. build is platform dependent!
2023-07-28 14:59:50,923 [Worker-16: Building] INFO  o.e.m.c.i.embedder.EclipseLogger - Copying 1 resource
2023-07-28 14:59:50,933 [Worker-16: Building] WARN  o.e.m.c.i.embedder.EclipseLogger - Using platform encoding (UTF-8 actually) to copy filtered resources, i.e. build is platform dependent!
2023-07-28 14:59:50,934 [Worker-16: Building] INFO  o.e.m.c.i.embedder.EclipseLogger - skip non existing resourceDirectory D:\AdvanceJavaAllWorkSpeces\jdbc+springcore\interfaceusingConfiguration\src\test\resources
2023-07-28 14:59:51,032 [Worker-16: Building] WARN  o.e.m.c.i.embedder.EclipseLogger - Using platform encoding (UTF-8 actually) to copy filtered resources, i.e. build is platform dependent!
2023-07-28 14:59:51,033 [Worker-16: Building] INFO  o.e.m.c.i.embedder.EclipseLogger - Copying 1 resource
2023-07-28 14:59:51,042 [Worker-16: Building] WARN  o.e.m.c.i.embedder.EclipseLogger - Using platform encoding (UTF-8 actually) to copy filtered resources, i.e. build is platform dependent!
2023-07-28 14:59:51,043 [Worker-16: Building] INFO  o.e.m.c.i.embedder.EclipseLogger - skip non existing resourceDirectory D:\AdvanceJavaAllWorkSpeces\jdbc+springcore\o3Springapp\src\test\resources
2023-07-28 14:59:51,134 [Worker-16: Building] WARN  o.e.m.c.i.embedder.EclipseLogger - Using platform encoding (UTF-8 actually) to copy filtered resources, i.e. build is platform dependent!
2023-07-28 14:59:51,135 [Worker-16: Building] INFO  o.e.m.c.i.embedder.EclipseLogger - Copying 1 resource
2023-07-28 14:59:51,143 [Worker-16: Building] WARN  o.e.m.c.i.embedder.EclipseLogger - Using platform encoding (UTF-8 actually) to copy filtered resources, i.e. build is platform dependent!
2023-07-28 14:59:51,144 [Worker-16: Building] INFO  o.e.m.c.i.embedder.EclipseLogger - skip non existing resourceDirectory D:\AdvanceJavaAllWorkSpeces\jdbc+springcore\qualifierAnnotationwithAutowiring\src\test\resources
2023-07-28 14:59:51,267 [Worker-16: Building] WARN  o.e.m.c.i.embedder.EclipseLogger - Using platform encoding (UTF-8 actually) to copy filtered resources, i.e. build is platform dependent!
2023-07-28 14:59:51,268 [Worker-16: Building] INFO  o.e.m.c.i.embedder.EclipseLogger - skip non existing resourceDirectory D:\AdvanceJavaAllWorkSpeces\jdbc+springcore\springfirst\src\main\resources
2023-07-28 14:59:51,270 [Worker-16: Building] WARN  o.e.m.c.i.embedder.EclipseLogger - Using platform encoding (UTF-8 actually) to copy filtered resources, i.e. build is platform dependent!
2023-07-28 14:59:51,271 [Worker-16: Building] INFO  o.e.m.c.i.embedder.EclipseLogger - skip non existing resourceDirectory D:\AdvanceJavaAllWorkSpeces\jdbc+springcore\springfirst\src\test\resources
2023-07-28 14:59:51,459 [Worker-16: Building] WARN  o.e.m.c.i.embedder.EclipseLogger - Using platform encoding (UTF-8 actually) to copy filtered resources, i.e. build is platform dependent!
2023-07-28 14:59:51,460 [Worker-16: Building] INFO  o.e.m.c.i.embedder.EclipseLogger - Copying 4 resources
2023-07-28 14:59:51,494 [Worker-16: Building] WARN  o.e.m.c.i.embedder.EclipseLogger - Using platform encoding (UTF-8 actually) to copy filtered resources, i.e. build is platform dependent!
2023-07-28 14:59:51,495 [Worker-16: Building] INFO  o.e.m.c.i.embedder.EclipseLogger - skip non existing resourceDirectory D:\AdvanceJavaAllWorkSpeces\jdbc+springcore\springyoutubefirst\src\test\resources
2023-07-28 14:59:51,681 [Worker-16: Building] WARN  o.e.m.c.i.embedder.EclipseLogger - Using platform encoding (UTF-8 actually) to copy filtered resources, i.e. build is platform dependent!
2023-07-28 14:59:51,682 [Worker-16: Building] INFO  o.e.m.c.i.embedder.EclipseLogger - Copying 1 resource
2023-07-28 14:59:51,692 [Worker-16: Building] WARN  o.e.m.c.i.embedder.EclipseLogger - Using platform encoding (UTF-8 actually) to copy filtered resources, i.e. build is platform dependent!
2023-07-28 14:59:51,693 [Worker-16: Building] INFO  o.e.m.c.i.embedder.EclipseLogger - skip non existing resourceDirectory D:\AdvanceJavaAllWorkSpeces\jdbc+springcore\xmlConfiguration\src\test\resources
2023-07-28 15:50:39,572 [Worker-2: Loading available Gradle versions] INFO  o.e.b.c.i.u.g.PublishedGradleVersions - Gradle version information cache is up-to-date. Trying to read.
2023-07-29 10:27:09,737 [Worker-4: Loading available Gradle versions] INFO  o.e.b.c.i.u.g.PublishedGradleVersions - Gradle version information cache is up-to-date. Trying to read.
2023-07-29 10:28:33,916 [Worker-16: Building] WARN  o.e.m.c.i.embedder.EclipseLogger - Using platform encoding (UTF-8 actually) to copy filtered resources, i.e. build is platform dependent!
2023-07-29 10:28:33,919 [Worker-16: Building] INFO  o.e.m.c.i.embedder.EclipseLogger - skip non existing resourceDirectory D:\AdvanceJavaAllWorkSpeces\jdbc+springcore\03springapp\src\main\resources
2023-07-29 10:28:33,922 [Worker-16: Building] WARN  o.e.m.c.i.embedder.EclipseLogger - Using platform encoding (UTF-8 actually) to copy filtered resources, i.e. build is platform dependent!
2023-07-29 10:28:33,923 [Worker-16: Building] INFO  o.e.m.c.i.embedder.EclipseLogger - skip non existing resourceDirectory D:\AdvanceJavaAllWorkSpeces\jdbc+springcore\03springapp\src\test\resources
2023-07-29 10:28:34,361 [Worker-10: Building] WARN  o.e.m.c.i.embedder.EclipseLogger - Using platform encoding (UTF-8 actually) to copy filtered resources, i.e. build is platform dependent!
2023-07-29 10:28:34,367 [Worker-10: Building] INFO  o.e.m.c.i.embedder.EclipseLogger - Copying 1 resource
2023-07-29 10:28:34,379 [Worker-10: Building] WARN  o.e.m.c.i.embedder.EclipseLogger - Using platform encoding (UTF-8 actually) to copy filtered resources, i.e. build is platform dependent!
2023-07-29 10:28:34,381 [Worker-10: Building] INFO  o.e.m.c.i.embedder.EclipseLogger - skip non existing resourceDirectory D:\AdvanceJavaAllWorkSpeces\jdbc+springcore\04SpringLifeCycle\src\test\resources
2023-07-29 10:28:34,485 [Worker-10: Building] WARN  o.e.m.c.i.embedder.EclipseLogger - Using platform encoding (UTF-8 actually) to copy filtered resources, i.e. build is platform dependent!
2023-07-29 10:28:34,486 [Worker-10: Building] INFO  o.e.m.c.i.embedder.EclipseLogger - Copying 1 resource
2023-07-29 10:28:34,491 [Worker-10: Building] WARN  o.e.m.c.i.embedder.EclipseLogger - Using platform encoding (UTF-8 actually) to copy filtered resources, i.e. build is platform dependent!
2023-07-29 10:28:34,492 [Worker-10: Building] INFO  o.e.m.c.i.embedder.EclipseLogger - skip non existing resourceDirectory D:\AdvanceJavaAllWorkSpeces\jdbc+springcore\05SpringLifeCycle\src\test\resources
2023-07-29 10:28:34,637 [Worker-10: Building] WARN  o.e.m.c.i.embedder.EclipseLogger - Using platform encoding (UTF-8 actually) to copy filtered resources, i.e. build is platform dependent!
2023-07-29 10:28:34,638 [Worker-10: Building] INFO  o.e.m.c.i.embedder.EclipseLogger - Copying 1 resource
2023-07-29 10:28:34,642 [Worker-10: Building] WARN  o.e.m.c.i.embedder.EclipseLogger - Using platform encoding (UTF-8 actually) to copy filtered resources, i.e. build is platform dependent!
2023-07-29 10:28:34,643 [Worker-10: Building] INFO  o.e.m.c.i.embedder.EclipseLogger - skip non existing resourceDirectory D:\AdvanceJavaAllWorkSpeces\jdbc+springcore\07SpringjavaConfig\src\test\resources
2023-07-29 10:28:34,818 [Worker-10: Building] WARN  o.e.m.c.i.embedder.EclipseLogger - Using platform encoding (UTF-8 actually) to copy filtered resources, i.e. build is platform dependent!
2023-07-29 10:28:34,820 [Worker-10: Building] INFO  o.e.m.c.i.embedder.EclipseLogger - Copying 1 resource
2023-07-29 10:28:34,824 [Worker-10: Building] WARN  o.e.m.c.i.embedder.EclipseLogger - Using platform encoding (UTF-8 actually) to copy filtered resources, i.e. build is platform dependent!
2023-07-29 10:28:34,826 [Worker-10: Building] INFO  o.e.m.c.i.embedder.EclipseLogger - skip non existing resourceDirectory D:\AdvanceJavaAllWorkSpeces\jdbc+springcore\09SpringLifeCycle\src\test\resources
2023-07-29 10:28:35,022 [Worker-10: Building] WARN  o.e.m.c.i.embedder.EclipseLogger - Using platform encoding (UTF-8 actually) to copy filtered resources, i.e. build is platform dependent!
2023-07-29 10:28:35,023 [Worker-10: Building] INFO  o.e.m.c.i.embedder.EclipseLogger - Copying 1 resource
2023-07-29 10:28:35,028 [Worker-10: Building] WARN  o.e.m.c.i.embedder.EclipseLogger - Using platform encoding (UTF-8 actually) to copy filtered resources, i.e. build is platform dependent!
2023-07-29 10:28:35,029 [Worker-10: Building] INFO  o.e.m.c.i.embedder.EclipseLogger - skip non existing resourceDirectory D:\AdvanceJavaAllWorkSpeces\jdbc+springcore\AnnotationConfiguration\src\test\resources
2023-07-29 10:28:35,127 [Worker-10: Building] WARN  o.e.m.c.i.embedder.EclipseLogger - Using platform encoding (UTF-8 actually) to copy filtered resources, i.e. build is platform dependent!
2023-07-29 10:28:35,128 [Worker-10: Building] INFO  o.e.m.c.i.embedder.EclipseLogger - Copying 1 resource
2023-07-29 10:28:35,133 [Worker-10: Building] WARN  o.e.m.c.i.embedder.EclipseLogger - Using platform encoding (UTF-8 actually) to copy filtered resources, i.e. build is platform dependent!
2023-07-29 10:28:35,134 [Worker-10: Building] INFO  o.e.m.c.i.embedder.EclipseLogger - skip non existing resourceDirectory D:\AdvanceJavaAllWorkSpeces\jdbc+springcore\AutowiringUsingXml\src\test\resources
2023-07-29 10:28:35,235 [Worker-10: Building] WARN  o.e.m.c.i.embedder.EclipseLogger - Using platform encoding (UTF-8 actually) to copy filtered resources, i.e. build is platform dependent!
2023-07-29 10:28:35,236 [Worker-10: Building] INFO  o.e.m.c.i.embedder.EclipseLogger - skip non existing resourceDirectory D:\AdvanceJavaAllWorkSpeces\jdbc+springcore\AutowirweAnnotationforAutowiring\src\main\resources
2023-07-29 10:28:35,238 [Worker-10: Building] WARN  o.e.m.c.i.embedder.EclipseLogger - Using platform encoding (UTF-8 actually) to copy filtered resources, i.e. build is platform dependent!
2023-07-29 10:28:35,240 [Worker-10: Building] INFO  o.e.m.c.i.embedder.EclipseLogger - skip non existing resourceDirectory D:\AdvanceJavaAllWorkSpeces\jdbc+springcore\AutowirweAnnotationforAutowiring\src\test\resources
2023-07-29 10:28:35,585 [Worker-12: Building] INFO  o.e.m.c.i.p.WorkspaceClassifierResolverManager - Resolving P/04SpringLifeCycle: com.dollop.app:04SpringLifeCycle:1.0 with classifier  to /04SpringLifeCycle/target/classes
2023-07-29 10:28:35,592 [Worker-12: Building] WARN  o.e.m.c.i.embedder.EclipseLogger - Using platform encoding (UTF-8 actually) to copy filtered resources, i.e. build is platform dependent!
2023-07-29 10:28:35,593 [Worker-12: Building] INFO  o.e.m.c.i.embedder.EclipseLogger - skip non existing resourceDirectory D:\AdvanceJavaAllWorkSpeces\jdbc+springcore\InteraceAssignmentSpringCore\src\main\resources
2023-07-29 10:28:35,595 [Worker-12: Building] WARN  o.e.m.c.i.embedder.EclipseLogger - Using platform encoding (UTF-8 actually) to copy filtered resources, i.e. build is platform dependent!
2023-07-29 10:28:35,595 [Worker-12: Building] INFO  o.e.m.c.i.embedder.EclipseLogger - skip non existing resourceDirectory D:\AdvanceJavaAllWorkSpeces\jdbc+springcore\InteraceAssignmentSpringCore\src\test\resources
2023-07-29 10:28:35,717 [Worker-12: Building] WARN  o.e.m.c.i.embedder.EclipseLogger - Using platform encoding (UTF-8 actually) to copy filtered resources, i.e. build is platform dependent!
2023-07-29 10:28:35,718 [Worker-12: Building] INFO  o.e.m.c.i.embedder.EclipseLogger - skip non existing resourceDirectory D:\AdvanceJavaAllWorkSpeces\jdbc+springcore\SPRINGTAS_COUNTConstructor_method_field_inners_INAClass\src\main\resources
2023-07-29 10:28:35,721 [Worker-12: Building] WARN  o.e.m.c.i.embedder.EclipseLogger - Using platform encoding (UTF-8 actually) to copy filtered resources, i.e. build is platform dependent!
2023-07-29 10:28:35,722 [Worker-12: Building] INFO  o.e.m.c.i.embedder.EclipseLogger - skip non existing resourceDirectory D:\AdvanceJavaAllWorkSpeces\jdbc+springcore\SPRINGTAS_COUNTConstructor_method_field_inners_INAClass\src\test\resources
2023-07-29 10:28:35,780 [Worker-12: Building] WARN  o.e.m.c.i.embedder.EclipseLogger - Using platform encoding (UTF-8 actually) to copy filtered resources, i.e. build is platform dependent!
2023-07-29 10:28:35,782 [Worker-12: Building] INFO  o.e.m.c.i.embedder.EclipseLogger - Copying 1 resource
2023-07-29 10:28:35,785 [Worker-12: Building] WARN  o.e.m.c.i.embedder.EclipseLogger - Using platform encoding (UTF-8 actually) to copy filtered resources, i.e. build is platform dependent!
2023-07-29 10:28:35,786 [Worker-12: Building] INFO  o.e.m.c.i.embedder.EclipseLogger - skip non existing resourceDirectory D:\AdvanceJavaAllWorkSpeces\jdbc+springcore\StandAloneCollectionproject\src\test\resources
2023-07-29 10:28:35,923 [Worker-12: Building] WARN  o.e.m.c.i.embedder.EclipseLogger - Using platform encoding (UTF-8 actually) to copy filtered resources, i.e. build is platform dependent!
2023-07-29 10:28:35,923 [Worker-12: Building] INFO  o.e.m.c.i.embedder.EclipseLogger - skip non existing resourceDirectory D:\AdvanceJavaAllWorkSpeces\jdbc+springcore\com.adda.app\src\main\resources
2023-07-29 10:28:35,926 [Worker-12: Building] WARN  o.e.m.c.i.embedder.EclipseLogger - Using platform encoding (UTF-8 actually) to copy filtered resources, i.e. build is platform dependent!
2023-07-29 10:28:35,927 [Worker-12: Building] INFO  o.e.m.c.i.embedder.EclipseLogger - skip non existing resourceDirectory D:\AdvanceJavaAllWorkSpeces\jdbc+springcore\com.adda.app\src\test\resources
2023-07-29 10:28:36,140 [Worker-12: Building] WARN  o.e.m.c.i.embedder.EclipseLogger - Using platform encoding (UTF-8 actually) to copy filtered resources, i.e. build is platform dependent!
2023-07-29 10:28:36,142 [Worker-12: Building] INFO  o.e.m.c.i.embedder.EclipseLogger - Copying 1 resource
2023-07-29 10:28:36,146 [Worker-12: Building] WARN  o.e.m.c.i.embedder.EclipseLogger - Using platform encoding (UTF-8 actually) to copy filtered resources, i.e. build is platform dependent!
2023-07-29 10:28:36,147 [Worker-12: Building] INFO  o.e.m.c.i.embedder.EclipseLogger - skip non existing resourceDirectory D:\AdvanceJavaAllWorkSpeces\jdbc+springcore\interfaceusingConfiguration\src\test\resources
2023-07-29 10:28:36,213 [Worker-12: Building] WARN  o.e.m.c.i.embedder.EclipseLogger - Using platform encoding (UTF-8 actually) to copy filtered resources, i.e. build is platform dependent!
2023-07-29 10:28:36,214 [Worker-12: Building] INFO  o.e.m.c.i.embedder.EclipseLogger - Copying 1 resource
2023-07-29 10:28:36,218 [Worker-12: Building] WARN  o.e.m.c.i.embedder.EclipseLogger - Using platform encoding (UTF-8 actually) to copy filtered resources, i.e. build is platform dependent!
2023-07-29 10:28:36,219 [Worker-12: Building] INFO  o.e.m.c.i.embedder.EclipseLogger - skip non existing resourceDirectory D:\AdvanceJavaAllWorkSpeces\jdbc+springcore\o3Springapp\src\test\resources
2023-07-29 10:28:36,304 [Worker-12: Building] WARN  o.e.m.c.i.embedder.EclipseLogger - Using platform encoding (UTF-8 actually) to copy filtered resources, i.e. build is platform dependent!
2023-07-29 10:28:36,305 [Worker-12: Building] INFO  o.e.m.c.i.embedder.EclipseLogger - Copying 1 resource
2023-07-29 10:28:36,309 [Worker-12: Building] WARN  o.e.m.c.i.embedder.EclipseLogger - Using platform encoding (UTF-8 actually) to copy filtered resources, i.e. build is platform dependent!
2023-07-29 10:28:36,310 [Worker-12: Building] INFO  o.e.m.c.i.embedder.EclipseLogger - skip non existing resourceDirectory D:\AdvanceJavaAllWorkSpeces\jdbc+springcore\qualifierAnnotationwithAutowiring\src\test\resources
2023-07-29 10:28:36,439 [Worker-12: Building] WARN  o.e.m.c.i.embedder.EclipseLogger - Using platform encoding (UTF-8 actually) to copy filtered resources, i.e. build is platform dependent!
2023-07-29 10:28:36,440 [Worker-12: Building] INFO  o.e.m.c.i.embedder.EclipseLogger - skip non existing resourceDirectory D:\AdvanceJavaAllWorkSpeces\jdbc+springcore\springfirst\src\main\resources
2023-07-29 10:28:36,443 [Worker-12: Building] WARN  o.e.m.c.i.embedder.EclipseLogger - Using platform encoding (UTF-8 actually) to copy filtered resources, i.e. build is platform dependent!
2023-07-29 10:28:36,444 [Worker-12: Building] INFO  o.e.m.c.i.embedder.EclipseLogger - skip non existing resourceDirectory D:\AdvanceJavaAllWorkSpeces\jdbc+springcore\springfirst\src\test\resources
2023-07-29 10:28:36,596 [Worker-12: Building] WARN  o.e.m.c.i.embedder.EclipseLogger - Using platform encoding (UTF-8 actually) to copy filtered resources, i.e. build is platform dependent!
2023-07-29 10:28:36,598 [Worker-12: Building] INFO  o.e.m.c.i.embedder.EclipseLogger - Copying 4 resources
2023-07-29 10:28:36,610 [Worker-12: Building] WARN  o.e.m.c.i.embedder.EclipseLogger - Using platform encoding (UTF-8 actually) to copy filtered resources, i.e. build is platform dependent!
2023-07-29 10:28:36,612 [Worker-12: Building] INFO  o.e.m.c.i.embedder.EclipseLogger - skip non existing resourceDirectory D:\AdvanceJavaAllWorkSpeces\jdbc+springcore\springyoutubefirst\src\test\resources
2023-07-29 10:28:36,816 [Worker-12: Building] WARN  o.e.m.c.i.embedder.EclipseLogger - Using platform encoding (UTF-8 actually) to copy filtered resources, i.e. build is platform dependent!
2023-07-29 10:28:36,818 [Worker-12: Building] INFO  o.e.m.c.i.embedder.EclipseLogger - Copying 1 resource
2023-07-29 10:28:36,823 [Worker-12: Building] WARN  o.e.m.c.i.embedder.EclipseLogger - Using platform encoding (UTF-8 actually) to copy filtered resources, i.e. build is platform dependent!
2023-07-29 10:28:36,825 [Worker-12: Building] INFO  o.e.m.c.i.embedder.EclipseLogger - skip non existing resourceDirectory D:\AdvanceJavaAllWorkSpeces\jdbc+springcore\xmlConfiguration\src\test\resources
2023-07-29 10:34:38,293 [Worker-8: Loading available Gradle versions] INFO  o.e.b.c.i.u.g.PublishedGradleVersions - Gradle version information cache is up-to-date. Trying to read.
2023-07-31 11:41:31,601 [Worker-5: Loading available Gradle versions] INFO  o.e.b.c.i.u.g.PublishedGradleVersions - Gradle version information cache is up-to-date. Trying to read.
2023-07-31 11:44:58,308 [Worker-7: Loading available Gradle versions] INFO  o.e.b.c.i.u.g.PublishedGradleVersions - Gradle version information cache is up-to-date. Trying to read.
2023-08-02 16:29:34,460 [Worker-2: Loading available Gradle versions] INFO  o.e.b.c.i.u.g.PublishedGradleVersions - Gradle version information cache is out-of-date. Trying to update.
